-- The C compiler identification is GNU 13.3.0
-- The CXX compiler identification is GNU 13.3.0
-- Detecting C compiler ABI info
-- Detecting C compiler ABI info - done
-- Check for working C compiler: /usr/bin/cc - skipped
-- Detecting C compile features
-- Detecting C compile features - done
-- Detecting CXX compiler ABI info
-- Detecting CXX compiler ABI info - done
-- Check for working CXX compiler: /usr/bin/c++ - skipped
-- Detecting CXX compile features
-- Detecting CXX compile features - done
-- Found ament_cmake: 2.5.3 (/opt/ros/jazzy/share/ament_cmake/cmake)
-- Found Python3: /usr/bin/python3 (found version "3.12.3") found components: Interpreter 
-- Found ament_lint_auto: 0.17.1 (/opt/ros/jazzy/share/ament_lint_auto/cmake)
-- Added test 'lint_cmake' to check CMake code style
-- Added test 'xmllint' to check XML markup files
-- Configuring done (1.2s)
-- Generating done (0.0s)
-- Build files have been written to: /home/ranas/turtlebot4_ws/src/build/turtlebot4_custom_maps
-- Install configuration: ""
-- Installing: /home/ranas/turtlebot4_ws/src/install/turtlebot4_custom_maps/share/ament_index/resource_index/package_run_dependencies/turtlebot4_custom_maps
-- Installing: /home/ranas/turtlebot4_ws/src/install/turtlebot4_custom_maps/share/ament_index/resource_index/parent_prefix_path/turtlebot4_custom_maps
-- Installing: /home/ranas/turtlebot4_ws/src/install/turtlebot4_custom_maps/share/turtlebot4_custom_maps/environment/ament_prefix_path.sh
-- Installing: /home/ranas/turtlebot4_ws/src/install/turtlebot4_custom_maps/share/turtlebot4_custom_maps/environment/ament_prefix_path.dsv
-- Installing: /home/ranas/turtlebot4_ws/src/install/turtlebot4_custom_maps/share/turtlebot4_custom_maps/environment/path.sh
-- Installing: /home/ranas/turtlebot4_ws/src/install/turtlebot4_custom_maps/share/turtlebot4_custom_maps/environment/path.dsv
-- Installing: /home/ranas/turtlebot4_ws/src/install/turtlebot4_custom_maps/share/turtlebot4_custom_maps/local_setup.bash
-- Installing: /home/ranas/turtlebot4_ws/src/install/turtlebot4_custom_maps/share/turtlebot4_custom_maps/local_setup.sh
-- Installing: /home/ranas/turtlebot4_ws/src/install/turtlebot4_custom_maps/share/turtlebot4_custom_maps/local_setup.zsh
-- Installing: /home/ranas/turtlebot4_ws/src/install/turtlebot4_custom_maps/share/turtlebot4_custom_maps/local_setup.dsv
-- Installing: /home/ranas/turtlebot4_ws/src/install/turtlebot4_custom_maps/share/turtlebot4_custom_maps/package.dsv
-- Installing: /home/ranas/turtlebot4_ws/src/install/turtlebot4_custom_maps/share/ament_index/resource_index/packages/turtlebot4_custom_maps
-- Installing: /home/ranas/turtlebot4_ws/src/install/turtlebot4_custom_maps/share/turtlebot4_custom_maps/cmake/turtlebot4_custom_mapsConfig.cmake
-- Installing: /home/ranas/turtlebot4_ws/src/install/turtlebot4_custom_maps/share/turtlebot4_custom_maps/cmake/turtlebot4_custom_mapsConfig-version.cmake
-- Installing: /home/ranas/turtlebot4_ws/src/install/turtlebot4_custom_maps/share/turtlebot4_custom_maps/package.xml
