running egg_info
writing ../build/turtlebot4_path_planner/turtlebot4_path_planner.egg-info/PKG-INFO
writing dependency_links to ../build/turtlebot4_path_planner/turtlebot4_path_planner.egg-info/dependency_links.txt
writing entry points to ../build/turtlebot4_path_planner/turtlebot4_path_planner.egg-info/entry_points.txt
writing requirements to ../build/turtlebot4_path_planner/turtlebot4_path_planner.egg-info/requires.txt
writing top-level names to ../build/turtlebot4_path_planner/turtlebot4_path_planner.egg-info/top_level.txt
reading manifest file '../build/turtlebot4_path_planner/turtlebot4_path_planner.egg-info/SOURCES.txt'
writing manifest file '../build/turtlebot4_path_planner/turtlebot4_path_planner.egg-info/SOURCES.txt'
running build
running build_py
copying turtlebot4_path_planner/path_planner.py -> /home/ranas/turtlebot4_ws/src/build/turtlebot4_path_planner/build/lib/turtlebot4_path_planner
running install
running install_lib
copying /home/ranas/turtlebot4_ws/src/build/turtlebot4_path_planner/build/lib/turtlebot4_path_planner/path_planner.py -> /home/ranas/turtlebot4_ws/src/install/turtlebot4_path_planner/lib/python3.12/site-packages/turtlebot4_path_planner
byte-compiling /home/ranas/turtlebot4_ws/src/install/turtlebot4_path_planner/lib/python3.12/site-packages/turtlebot4_path_planner/path_planner.py to path_planner.cpython-312.pyc
running install_data
running install_egg_info
removing '/home/ranas/turtlebot4_ws/src/install/turtlebot4_path_planner/lib/python3.12/site-packages/turtlebot4_path_planner-0.0.0-py3.12.egg-info' (and everything under it)
Copying ../build/turtlebot4_path_planner/turtlebot4_path_planner.egg-info to /home/ranas/turtlebot4_ws/src/install/turtlebot4_path_planner/lib/python3.12/site-packages/turtlebot4_path_planner-0.0.0-py3.12.egg-info
running install_scripts
Installing path_planner script to /home/ranas/turtlebot4_ws/src/install/turtlebot4_path_planner/lib/turtlebot4_path_planner
writing list of installed files to '/home/ranas/turtlebot4_ws/src/build/turtlebot4_path_planner/install.log'
