[0.870s] Invoking command in '/home/ranas/turtlebot4_ws/src/turtlebot4_path_planner': DEBUGINFOD_URLS=https://debuginfod.ubuntu.com PYTHONPATH=/home/ranas/turtlebot4_ws/src/build/turtlebot4_path_planner/prefix_override:/usr/lib/python3/dist-packages/colcon_core/task/python/colcon_distutils_commands:/home/ranas/turtlebot4_ws/src/install/turtlebot4_path_planner/lib/python3.12/site-packages:${PYTHONPATH} /usr/bin/python3 -W ignore:setup.py install is deprecated -W ignore:easy_install command is deprecated setup.py egg_info --egg-base ../build/turtlebot4_path_planner build --build-base /home/ranas/turtlebot4_ws/src/build/turtlebot4_path_planner/build install --record /home/ranas/turtlebot4_ws/src/build/turtlebot4_path_planner/install.log --single-version-externally-managed install_data
[1.161s] running egg_info
[1.179s] writing ../build/turtlebot4_path_planner/turtlebot4_path_planner.egg-info/PKG-INFO
[1.179s] writing dependency_links to ../build/turtlebot4_path_planner/turtlebot4_path_planner.egg-info/dependency_links.txt
[1.179s] writing entry points to ../build/turtlebot4_path_planner/turtlebot4_path_planner.egg-info/entry_points.txt
[1.180s] writing requirements to ../build/turtlebot4_path_planner/turtlebot4_path_planner.egg-info/requires.txt
[1.180s] writing top-level names to ../build/turtlebot4_path_planner/turtlebot4_path_planner.egg-info/top_level.txt
[1.216s] reading manifest file '../build/turtlebot4_path_planner/turtlebot4_path_planner.egg-info/SOURCES.txt'
[1.217s] writing manifest file '../build/turtlebot4_path_planner/turtlebot4_path_planner.egg-info/SOURCES.txt'
[1.217s] running build
[1.217s] running build_py
[1.217s] copying turtlebot4_path_planner/path_planner.py -> /home/ranas/turtlebot4_ws/src/build/turtlebot4_path_planner/build/lib/turtlebot4_path_planner
[1.217s] running install
[1.224s] running install_lib
[1.242s] copying /home/ranas/turtlebot4_ws/src/build/turtlebot4_path_planner/build/lib/turtlebot4_path_planner/path_planner.py -> /home/ranas/turtlebot4_ws/src/install/turtlebot4_path_planner/lib/python3.12/site-packages/turtlebot4_path_planner
[1.243s] byte-compiling /home/ranas/turtlebot4_ws/src/install/turtlebot4_path_planner/lib/python3.12/site-packages/turtlebot4_path_planner/path_planner.py to path_planner.cpython-312.pyc
[1.244s] running install_data
[1.244s] running install_egg_info
[1.263s] removing '/home/ranas/turtlebot4_ws/src/install/turtlebot4_path_planner/lib/python3.12/site-packages/turtlebot4_path_planner-0.0.0-py3.12.egg-info' (and everything under it)
[1.264s] Copying ../build/turtlebot4_path_planner/turtlebot4_path_planner.egg-info to /home/ranas/turtlebot4_ws/src/install/turtlebot4_path_planner/lib/python3.12/site-packages/turtlebot4_path_planner-0.0.0-py3.12.egg-info
[1.264s] running install_scripts
[1.397s] Installing path_planner script to /home/ranas/turtlebot4_ws/src/install/turtlebot4_path_planner/lib/turtlebot4_path_planner
[1.397s] writing list of installed files to '/home/ranas/turtlebot4_ws/src/build/turtlebot4_path_planner/install.log'
[1.426s] Invoked command in '/home/ranas/turtlebot4_ws/src/turtlebot4_path_planner' returned '0': DEBUGINFOD_URLS=https://debuginfod.ubuntu.com PYTHONPATH=/home/ranas/turtlebot4_ws/src/build/turtlebot4_path_planner/prefix_override:/usr/lib/python3/dist-packages/colcon_core/task/python/colcon_distutils_commands:/home/ranas/turtlebot4_ws/src/install/turtlebot4_path_planner/lib/python3.12/site-packages:${PYTHONPATH} /usr/bin/python3 -W ignore:setup.py install is deprecated -W ignore:easy_install command is deprecated setup.py egg_info --egg-base ../build/turtlebot4_path_planner build --build-base /home/ranas/turtlebot4_ws/src/build/turtlebot4_path_planner/build install --record /home/ranas/turtlebot4_ws/src/build/turtlebot4_path_planner/install.log --single-version-externally-managed install_data
