-- The C compiler identification is GNU 13.3.0
-- The CXX compiler identification is GNU 13.3.0
-- Detecting C compiler ABI info
-- Detecting C compiler ABI info - done
-- Check for working C compiler: /usr/bin/cc - skipped
-- Detecting C compile features
-- Detecting C compile features - done
-- Detecting CXX compiler ABI info
-- Detecting CXX compiler ABI info - done
-- Check for working CXX compiler: /usr/bin/c++ - skipped
-- Detecting CXX compile features
-- Detecting CXX compile features - done
-- Found ament_cmake: 2.5.3 (/opt/ros/jazzy/share/ament_cmake/cmake)
-- Found Python3: /usr/bin/python3 (found version "3.12.3") found components: Interpreter 
-- Found rclcpp: 28.1.6 (/opt/ros/jazzy/share/rclcpp/cmake)
-- Found rosidl_generator_c: 4.6.5 (/opt/ros/jazzy/share/rosidl_generator_c/cmake)
-- Found rosidl_generator_cpp: 4.6.5 (/opt/ros/jazzy/share/rosidl_generator_cpp/cmake)
-- Using all available rosidl_typesupport_c: rosidl_typesupport_fastrtps_c;rosidl_typesupport_introspection_c
-- Using all available rosidl_typesupport_cpp: rosidl_typesupport_fastrtps_cpp;rosidl_typesupport_introspection_cpp
-- Found rmw_implementation_cmake: 7.3.1 (/opt/ros/jazzy/share/rmw_implementation_cmake/cmake)
-- Found rmw_fastrtps_cpp: 8.4.1 (/opt/ros/jazzy/share/rmw_fastrtps_cpp/cmake)
-- Found OpenSSL: /usr/lib/x86_64-linux-gnu/libcrypto.so (found version "3.0.13")  
-- Found FastRTPS: /opt/ros/jazzy/include (Required is at least version "2.13") 
-- Using RMW implementation 'rmw_fastrtps_cpp' as default
-- Found rclcpp_action: 28.1.6 (/opt/ros/jazzy/share/rclcpp_action/cmake)
-- Found std_msgs: 5.3.5 (/opt/ros/jazzy/share/std_msgs/cmake)
-- Found nav2_util: 1.3.5 (/home/ranas/turtlebot4_ws/src/install/nav2_util/share/nav2_util/cmake)
-- Found eigen3_cmake_module: 0.3.0 (/opt/ros/jazzy/share/eigen3_cmake_module/cmake)
-- Found Eigen3: TRUE (found version "3.4.0") 
-- Ensuring Eigen3 include directory is part of orocos-kdl CMake target
-- Found nav2_core: 1.3.5 (/home/ranas/turtlebot4_ws/src/install/nav2_core/share/nav2_core/cmake)
-- Found ament_lint_auto: 0.17.1 (/opt/ros/jazzy/share/ament_lint_auto/cmake)
-- Found ament_cmake_gtest: 2.5.3 (/opt/ros/jazzy/share/ament_cmake_gtest/cmake)
-- Found gtest sources under '/opt/ros/jazzy/src/gtest_vendor': C++ tests using 'Google Test' will be built
-- Performing Test CMAKE_HAVE_LIBC_PTHREAD
-- Performing Test CMAKE_HAVE_LIBC_PTHREAD - Success
-- Found Threads: TRUE  
-- Added test 'copyright' to check source files copyright and LICENSE
-- Added test 'cppcheck' to perform static code analysis on C / C++ code
-- Configured cppcheck include dirs: /home/ranas/turtlebot4_ws/src/navigation2/nav2_docking/opennav_docking_bt/include
-- Configured cppcheck exclude dirs and/or files: 
-- Added test 'cpplint' to check C / C++ code against the Google style
-- Configured cpplint exclude dirs and/or files: 
-- Added test 'lint_cmake' to check CMake code style
-- Added test 'uncrustify' to check C / C++ code style
-- Configured uncrustify additional arguments: 
-- Added test 'xmllint' to check XML markup files
-- Configuring done (12.8s)
-- Generating done (0.4s)
-- Build files have been written to: /home/ranas/turtlebot4_ws/src/build/opennav_docking_bt
[  8%] [32mBuilding CXX object gtest/CMakeFiles/gtest_main.dir/src/gtest_main.cc.o[0m
[ 16%] [32mBuilding CXX object CMakeFiles/opennav_dock_action_bt_node.dir/src/dock_robot.cpp.o[0m
[ 25%] [32mBuilding CXX object gtest/CMakeFiles/gtest.dir/src/gtest-all.cc.o[0m
[ 33%] [32mBuilding CXX object CMakeFiles/opennav_undock_action_bt_node.dir/src/undock_robot.cpp.o[0m
[ 41%] [32m[1mLinking CXX static library libgtest_main.a[0m
[ 41%] Built target gtest_main
[ 50%] [32m[1mLinking CXX static library libgtest.a[0m
[ 50%] Built target gtest
[ 58%] [32m[1mLinking CXX shared library libopennav_undock_action_bt_node.so[0m
[ 66%] [32m[1mLinking CXX shared library libopennav_dock_action_bt_node.so[0m
[ 66%] Built target opennav_undock_action_bt_node
[ 66%] Built target opennav_dock_action_bt_node
[ 75%] [32mBuilding CXX object test/CMakeFiles/test_undock_robot.dir/test_undock_robot.cpp.o[0m
[ 83%] [32m[1mLinking CXX executable test_undock_robot[0m
[ 83%] Built target test_undock_robot
[ 91%] [32mBuilding CXX object test/CMakeFiles/test_dock_robot.dir/test_dock_robot.cpp.o[0m
[100%] [32m[1mLinking CXX executable test_dock_robot[0m
[100%] Built target test_dock_robot
-- Install configuration: ""
-- Installing: /home/ranas/turtlebot4_ws/src/install/opennav_docking_bt/lib/libopennav_dock_action_bt_node.so
-- Set non-toolchain portion of runtime path of "/home/ranas/turtlebot4_ws/src/install/opennav_docking_bt/lib/libopennav_dock_action_bt_node.so" to ""
-- Installing: /home/ranas/turtlebot4_ws/src/install/opennav_docking_bt/lib/libopennav_undock_action_bt_node.so
-- Set non-toolchain portion of runtime path of "/home/ranas/turtlebot4_ws/src/install/opennav_docking_bt/lib/libopennav_undock_action_bt_node.so" to ""
-- Installing: /home/ranas/turtlebot4_ws/src/install/opennav_docking_bt/include/
-- Installing: /home/ranas/turtlebot4_ws/src/install/opennav_docking_bt/include//opennav_docking_bt
-- Installing: /home/ranas/turtlebot4_ws/src/install/opennav_docking_bt/include//opennav_docking_bt/dock_robot.hpp
-- Installing: /home/ranas/turtlebot4_ws/src/install/opennav_docking_bt/include//opennav_docking_bt/undock_robot.hpp
-- Installing: /home/ranas/turtlebot4_ws/src/install/opennav_docking_bt/share/opennav_docking_bt/behavior_trees
-- Installing: /home/ranas/turtlebot4_ws/src/install/opennav_docking_bt/share/opennav_docking_bt/behavior_trees/application_example.xml
-- Installing: /home/ranas/turtlebot4_ws/src/install/opennav_docking_bt/share/opennav_docking_bt/environment/library_path.sh
-- Installing: /home/ranas/turtlebot4_ws/src/install/opennav_docking_bt/share/opennav_docking_bt/environment/library_path.dsv
-- Installing: /home/ranas/turtlebot4_ws/src/install/opennav_docking_bt/share/ament_index/resource_index/package_run_dependencies/opennav_docking_bt
-- Installing: /home/ranas/turtlebot4_ws/src/install/opennav_docking_bt/share/ament_index/resource_index/parent_prefix_path/opennav_docking_bt
-- Installing: /home/ranas/turtlebot4_ws/src/install/opennav_docking_bt/share/opennav_docking_bt/environment/ament_prefix_path.sh
-- Installing: /home/ranas/turtlebot4_ws/src/install/opennav_docking_bt/share/opennav_docking_bt/environment/ament_prefix_path.dsv
-- Installing: /home/ranas/turtlebot4_ws/src/install/opennav_docking_bt/share/opennav_docking_bt/environment/path.sh
-- Installing: /home/ranas/turtlebot4_ws/src/install/opennav_docking_bt/share/opennav_docking_bt/environment/path.dsv
-- Installing: /home/ranas/turtlebot4_ws/src/install/opennav_docking_bt/share/opennav_docking_bt/local_setup.bash
-- Installing: /home/ranas/turtlebot4_ws/src/install/opennav_docking_bt/share/opennav_docking_bt/local_setup.sh
-- Installing: /home/ranas/turtlebot4_ws/src/install/opennav_docking_bt/share/opennav_docking_bt/local_setup.zsh
-- Installing: /home/ranas/turtlebot4_ws/src/install/opennav_docking_bt/share/opennav_docking_bt/local_setup.dsv
-- Installing: /home/ranas/turtlebot4_ws/src/install/opennav_docking_bt/share/opennav_docking_bt/package.dsv
-- Installing: /home/ranas/turtlebot4_ws/src/install/opennav_docking_bt/share/ament_index/resource_index/packages/opennav_docking_bt
-- Installing: /home/ranas/turtlebot4_ws/src/install/opennav_docking_bt/share/opennav_docking_bt/cmake/ament_cmake_export_include_directories-extras.cmake
-- Installing: /home/ranas/turtlebot4_ws/src/install/opennav_docking_bt/share/opennav_docking_bt/cmake/ament_cmake_export_libraries-extras.cmake
-- Installing: /home/ranas/turtlebot4_ws/src/install/opennav_docking_bt/share/opennav_docking_bt/cmake/ament_cmake_export_dependencies-extras.cmake
-- Installing: /home/ranas/turtlebot4_ws/src/install/opennav_docking_bt/share/opennav_docking_bt/cmake/opennav_docking_btConfig.cmake
-- Installing: /home/ranas/turtlebot4_ws/src/install/opennav_docking_bt/share/opennav_docking_bt/cmake/opennav_docking_btConfig-version.cmake
-- Installing: /home/ranas/turtlebot4_ws/src/install/opennav_docking_bt/share/opennav_docking_bt/package.xml
