running develop
running egg_info
creating nav2_simple_commander.egg-info
writing nav2_simple_commander.egg-info/PKG-INFO
writing dependency_links to nav2_simple_commander.egg-info/dependency_links.txt
writing entry points to nav2_simple_commander.egg-info/entry_points.txt
writing requirements to nav2_simple_commander.egg-info/requires.txt
writing top-level names to nav2_simple_commander.egg-info/top_level.txt
writing manifest file 'nav2_simple_commander.egg-info/SOURCES.txt'
reading manifest file 'nav2_simple_commander.egg-info/SOURCES.txt'
writing manifest file 'nav2_simple_commander.egg-info/SOURCES.txt'
running build_ext
Creating /home/ranas/turtlebot4_navigation_urp/turtlebot4_ws/install/nav2_simple_commander/lib/python3.12/site-packages/nav2-simple-commander.egg-link (link to .)
Installing demo_inspection script to /home/ranas/turtlebot4_navigation_urp/turtlebot4_ws/install/nav2_simple_commander/lib/nav2_simple_commander
Installing demo_picking script to /home/ranas/turtlebot4_navigation_urp/turtlebot4_ws/install/nav2_simple_commander/lib/nav2_simple_commander
Installing demo_recoveries script to /home/ranas/turtlebot4_navigation_urp/turtlebot4_ws/install/nav2_simple_commander/lib/nav2_simple_commander
Installing demo_security script to /home/ranas/turtlebot4_navigation_urp/turtlebot4_ws/install/nav2_simple_commander/lib/nav2_simple_commander
Installing example_assisted_teleop script to /home/ranas/turtlebot4_navigation_urp/turtlebot4_ws/install/nav2_simple_commander/lib/nav2_simple_commander
Installing example_follow_path script to /home/ranas/turtlebot4_navigation_urp/turtlebot4_ws/install/nav2_simple_commander/lib/nav2_simple_commander
Installing example_nav_through_poses script to /home/ranas/turtlebot4_navigation_urp/turtlebot4_ws/install/nav2_simple_commander/lib/nav2_simple_commander
Installing example_nav_to_pose script to /home/ranas/turtlebot4_navigation_urp/turtlebot4_ws/install/nav2_simple_commander/lib/nav2_simple_commander
Installing example_waypoint_follower script to /home/ranas/turtlebot4_navigation_urp/turtlebot4_ws/install/nav2_simple_commander/lib/nav2_simple_commander

Installed /home/ranas/turtlebot4_navigation_urp/turtlebot4_ws/build/nav2_simple_commander
running symlink_data
creating /home/ranas/turtlebot4_navigation_urp/turtlebot4_ws/install/nav2_simple_commander/share/ament_index
creating /home/ranas/turtlebot4_navigation_urp/turtlebot4_ws/install/nav2_simple_commander/share/ament_index/resource_index
creating /home/ranas/turtlebot4_navigation_urp/turtlebot4_ws/install/nav2_simple_commander/share/ament_index/resource_index/packages
symbolically linking /home/ranas/turtlebot4_navigation_urp/turtlebot4_ws/build/nav2_simple_commander/resource/nav2_simple_commander -> /home/ranas/turtlebot4_navigation_urp/turtlebot4_ws/install/nav2_simple_commander/share/ament_index/resource_index/packages
symbolically linking /home/ranas/turtlebot4_navigation_urp/turtlebot4_ws/build/nav2_simple_commander/package.xml -> /home/ranas/turtlebot4_navigation_urp/turtlebot4_ws/install/nav2_simple_commander/share/nav2_simple_commander
symbolically linking /home/ranas/turtlebot4_navigation_urp/turtlebot4_ws/build/nav2_simple_commander/launch/assisted_teleop_example_launch.py -> /home/ranas/turtlebot4_navigation_urp/turtlebot4_ws/install/nav2_simple_commander/share/nav2_simple_commander
symbolically linking /home/ranas/turtlebot4_navigation_urp/turtlebot4_ws/build/nav2_simple_commander/launch/picking_demo_launch.py -> /home/ranas/turtlebot4_navigation_urp/turtlebot4_ws/install/nav2_simple_commander/share/nav2_simple_commander
symbolically linking /home/ranas/turtlebot4_navigation_urp/turtlebot4_ws/build/nav2_simple_commander/launch/nav_through_poses_example_launch.py -> /home/ranas/turtlebot4_navigation_urp/turtlebot4_ws/install/nav2_simple_commander/share/nav2_simple_commander
symbolically linking /home/ranas/turtlebot4_navigation_urp/turtlebot4_ws/build/nav2_simple_commander/launch/inspection_demo_launch.py -> /home/ranas/turtlebot4_navigation_urp/turtlebot4_ws/install/nav2_simple_commander/share/nav2_simple_commander
symbolically linking /home/ranas/turtlebot4_navigation_urp/turtlebot4_ws/build/nav2_simple_commander/launch/recoveries_example_launch.py -> /home/ranas/turtlebot4_navigation_urp/turtlebot4_ws/install/nav2_simple_commander/share/nav2_simple_commander
symbolically linking /home/ranas/turtlebot4_navigation_urp/turtlebot4_ws/build/nav2_simple_commander/launch/waypoint_follower_example_launch.py -> /home/ranas/turtlebot4_navigation_urp/turtlebot4_ws/install/nav2_simple_commander/share/nav2_simple_commander
symbolically linking /home/ranas/turtlebot4_navigation_urp/turtlebot4_ws/build/nav2_simple_commander/launch/nav_to_pose_example_launch.py -> /home/ranas/turtlebot4_navigation_urp/turtlebot4_ws/install/nav2_simple_commander/share/nav2_simple_commander
symbolically linking /home/ranas/turtlebot4_navigation_urp/turtlebot4_ws/build/nav2_simple_commander/launch/follow_path_example_launch.py -> /home/ranas/turtlebot4_navigation_urp/turtlebot4_ws/install/nav2_simple_commander/share/nav2_simple_commander
symbolically linking /home/ranas/turtlebot4_navigation_urp/turtlebot4_ws/build/nav2_simple_commander/launch/security_demo_launch.py -> /home/ranas/turtlebot4_navigation_urp/turtlebot4_ws/install/nav2_simple_commander/share/nav2_simple_commander
