[0.858s] Invoking command in '/home/ranas/turtlebot4_navigation_urp/turtlebot4_ws/build/nav2_simple_commander': AMENT_PREFIX_PATH=/home/ranas/turtlebot4_navigation_urp/turtlebot4_ws/install/nav2_msgs:/home/ranas/turtlebot4_navigation_urp/turtlebot4_ws/install/nav2_common:${AMENT_PREFIX_PATH} CMAKE_PREFIX_PATH=/home/ranas/turtlebot4_navigation_urp/turtlebot4_ws/install/nav2_msgs:/home/ranas/turtlebot4_navigation_urp/turtlebot4_ws/install/nav2_common:${CMAKE_PREFIX_PATH} DEBUGINFOD_URLS=https://debuginfod.ubuntu.com LD_LIBRARY_PATH=/home/ranas/turtlebot4_navigation_urp/turtlebot4_ws/install/nav2_msgs/lib:${LD_LIBRARY_PATH} PYTHONPATH=/home/ranas/turtlebot4_navigation_urp/turtlebot4_ws/build/nav2_simple_commander/prefix_override:/usr/lib/python3/dist-packages/colcon_core/task/python/colcon_distutils_commands:/home/ranas/turtlebot4_navigation_urp/turtlebot4_ws/install/nav2_simple_commander/lib/python3.12/site-packages:/home/ranas/turtlebot4_navigation_urp/turtlebot4_ws/install/nav2_msgs/lib/python3.12/site-packages:/home/ranas/turtlebot4_navigation_urp/turtlebot4_ws/install/nav2_common/lib/python3.12/site-packages:${PYTHONPATH} /usr/bin/python3 -W ignore:setup.py install is deprecated -W ignore:easy_install command is deprecated setup.py develop --editable --build-directory /home/ranas/turtlebot4_navigation_urp/turtlebot4_ws/build/nav2_simple_commander/build --no-deps symlink_data
[1.076s] running develop
[1.175s] running egg_info
[1.175s] creating nav2_simple_commander.egg-info
[1.184s] writing nav2_simple_commander.egg-info/PKG-INFO
[1.185s] writing dependency_links to nav2_simple_commander.egg-info/dependency_links.txt
[1.185s] writing entry points to nav2_simple_commander.egg-info/entry_points.txt
[1.185s] writing requirements to nav2_simple_commander.egg-info/requires.txt
[1.185s] writing top-level names to nav2_simple_commander.egg-info/top_level.txt
[1.185s] writing manifest file 'nav2_simple_commander.egg-info/SOURCES.txt'
[1.205s] reading manifest file 'nav2_simple_commander.egg-info/SOURCES.txt'
[1.205s] writing manifest file 'nav2_simple_commander.egg-info/SOURCES.txt'
[1.216s] running build_ext
[1.216s] Creating /home/ranas/turtlebot4_navigation_urp/turtlebot4_ws/install/nav2_simple_commander/lib/python3.12/site-packages/nav2-simple-commander.egg-link (link to .)
[1.216s] Installing demo_inspection script to /home/ranas/turtlebot4_navigation_urp/turtlebot4_ws/install/nav2_simple_commander/lib/nav2_simple_commander
[1.216s] Installing demo_picking script to /home/ranas/turtlebot4_navigation_urp/turtlebot4_ws/install/nav2_simple_commander/lib/nav2_simple_commander
[1.216s] Installing demo_recoveries script to /home/ranas/turtlebot4_navigation_urp/turtlebot4_ws/install/nav2_simple_commander/lib/nav2_simple_commander
[1.217s] Installing demo_security script to /home/ranas/turtlebot4_navigation_urp/turtlebot4_ws/install/nav2_simple_commander/lib/nav2_simple_commander
[1.217s] Installing example_assisted_teleop script to /home/ranas/turtlebot4_navigation_urp/turtlebot4_ws/install/nav2_simple_commander/lib/nav2_simple_commander
[1.217s] Installing example_follow_path script to /home/ranas/turtlebot4_navigation_urp/turtlebot4_ws/install/nav2_simple_commander/lib/nav2_simple_commander
[1.217s] Installing example_nav_through_poses script to /home/ranas/turtlebot4_navigation_urp/turtlebot4_ws/install/nav2_simple_commander/lib/nav2_simple_commander
[1.217s] Installing example_nav_to_pose script to /home/ranas/turtlebot4_navigation_urp/turtlebot4_ws/install/nav2_simple_commander/lib/nav2_simple_commander
[1.217s] Installing example_waypoint_follower script to /home/ranas/turtlebot4_navigation_urp/turtlebot4_ws/install/nav2_simple_commander/lib/nav2_simple_commander
[1.217s] 
[1.217s] Installed /home/ranas/turtlebot4_navigation_urp/turtlebot4_ws/build/nav2_simple_commander
[1.217s] running symlink_data
[1.217s] creating /home/ranas/turtlebot4_navigation_urp/turtlebot4_ws/install/nav2_simple_commander/share/ament_index
[1.218s] creating /home/ranas/turtlebot4_navigation_urp/turtlebot4_ws/install/nav2_simple_commander/share/ament_index/resource_index
[1.218s] creating /home/ranas/turtlebot4_navigation_urp/turtlebot4_ws/install/nav2_simple_commander/share/ament_index/resource_index/packages
[1.218s] symbolically linking /home/ranas/turtlebot4_navigation_urp/turtlebot4_ws/build/nav2_simple_commander/resource/nav2_simple_commander -> /home/ranas/turtlebot4_navigation_urp/turtlebot4_ws/install/nav2_simple_commander/share/ament_index/resource_index/packages
[1.218s] symbolically linking /home/ranas/turtlebot4_navigation_urp/turtlebot4_ws/build/nav2_simple_commander/package.xml -> /home/ranas/turtlebot4_navigation_urp/turtlebot4_ws/install/nav2_simple_commander/share/nav2_simple_commander
[1.218s] symbolically linking /home/ranas/turtlebot4_navigation_urp/turtlebot4_ws/build/nav2_simple_commander/launch/assisted_teleop_example_launch.py -> /home/ranas/turtlebot4_navigation_urp/turtlebot4_ws/install/nav2_simple_commander/share/nav2_simple_commander
[1.218s] symbolically linking /home/ranas/turtlebot4_navigation_urp/turtlebot4_ws/build/nav2_simple_commander/launch/picking_demo_launch.py -> /home/ranas/turtlebot4_navigation_urp/turtlebot4_ws/install/nav2_simple_commander/share/nav2_simple_commander
[1.218s] symbolically linking /home/ranas/turtlebot4_navigation_urp/turtlebot4_ws/build/nav2_simple_commander/launch/nav_through_poses_example_launch.py -> /home/ranas/turtlebot4_navigation_urp/turtlebot4_ws/install/nav2_simple_commander/share/nav2_simple_commander
[1.218s] symbolically linking /home/ranas/turtlebot4_navigation_urp/turtlebot4_ws/build/nav2_simple_commander/launch/inspection_demo_launch.py -> /home/ranas/turtlebot4_navigation_urp/turtlebot4_ws/install/nav2_simple_commander/share/nav2_simple_commander
[1.218s] symbolically linking /home/ranas/turtlebot4_navigation_urp/turtlebot4_ws/build/nav2_simple_commander/launch/recoveries_example_launch.py -> /home/ranas/turtlebot4_navigation_urp/turtlebot4_ws/install/nav2_simple_commander/share/nav2_simple_commander
[1.218s] symbolically linking /home/ranas/turtlebot4_navigation_urp/turtlebot4_ws/build/nav2_simple_commander/launch/waypoint_follower_example_launch.py -> /home/ranas/turtlebot4_navigation_urp/turtlebot4_ws/install/nav2_simple_commander/share/nav2_simple_commander
[1.218s] symbolically linking /home/ranas/turtlebot4_navigation_urp/turtlebot4_ws/build/nav2_simple_commander/launch/nav_to_pose_example_launch.py -> /home/ranas/turtlebot4_navigation_urp/turtlebot4_ws/install/nav2_simple_commander/share/nav2_simple_commander
[1.218s] symbolically linking /home/ranas/turtlebot4_navigation_urp/turtlebot4_ws/build/nav2_simple_commander/launch/follow_path_example_launch.py -> /home/ranas/turtlebot4_navigation_urp/turtlebot4_ws/install/nav2_simple_commander/share/nav2_simple_commander
[1.218s] symbolically linking /home/ranas/turtlebot4_navigation_urp/turtlebot4_ws/build/nav2_simple_commander/launch/security_demo_launch.py -> /home/ranas/turtlebot4_navigation_urp/turtlebot4_ws/install/nav2_simple_commander/share/nav2_simple_commander
[1.240s] Invoked command in '/home/ranas/turtlebot4_navigation_urp/turtlebot4_ws/build/nav2_simple_commander' returned '0': AMENT_PREFIX_PATH=/home/ranas/turtlebot4_navigation_urp/turtlebot4_ws/install/nav2_msgs:/home/ranas/turtlebot4_navigation_urp/turtlebot4_ws/install/nav2_common:${AMENT_PREFIX_PATH} CMAKE_PREFIX_PATH=/home/ranas/turtlebot4_navigation_urp/turtlebot4_ws/install/nav2_msgs:/home/ranas/turtlebot4_navigation_urp/turtlebot4_ws/install/nav2_common:${CMAKE_PREFIX_PATH} DEBUGINFOD_URLS=https://debuginfod.ubuntu.com LD_LIBRARY_PATH=/home/ranas/turtlebot4_navigation_urp/turtlebot4_ws/install/nav2_msgs/lib:${LD_LIBRARY_PATH} PYTHONPATH=/home/ranas/turtlebot4_navigation_urp/turtlebot4_ws/build/nav2_simple_commander/prefix_override:/usr/lib/python3/dist-packages/colcon_core/task/python/colcon_distutils_commands:/home/ranas/turtlebot4_navigation_urp/turtlebot4_ws/install/nav2_simple_commander/lib/python3.12/site-packages:/home/ranas/turtlebot4_navigation_urp/turtlebot4_ws/install/nav2_msgs/lib/python3.12/site-packages:/home/ranas/turtlebot4_navigation_urp/turtlebot4_ws/install/nav2_common/lib/python3.12/site-packages:${PYTHONPATH} /usr/bin/python3 -W ignore:setup.py install is deprecated -W ignore:easy_install command is deprecated setup.py develop --editable --build-directory /home/ranas/turtlebot4_navigation_urp/turtlebot4_ws/build/nav2_simple_commander/build --no-deps symlink_data
