-- The C compiler identification is GNU 13.3.0
-- The CXX compiler identification is GNU 13.3.0
-- Detecting C compiler ABI info
-- Detecting C compiler ABI info - done
-- Check for working C compiler: /usr/bin/cc - skipped
-- Detecting C compile features
-- Detecting C compile features - done
-- Detecting CXX compiler ABI info
-- Detecting CXX compiler ABI info - done
-- Check for working CXX compiler: /usr/bin/c++ - skipped
-- Detecting CXX compile features
-- Detecting CXX compile features - done
-- Found ament_cmake: 2.5.3 (/opt/ros/jazzy/share/ament_cmake/cmake)
-- Found Python3: /usr/bin/python3 (found version "3.12.3") found components: Interpreter 
-- Override CMake install command with custom implementation using symlinks instead of copying resources
-- Found ament_lint_auto: 0.17.1 (/opt/ros/jazzy/share/ament_lint_auto/cmake)
-- Added test 'copyright' to check source files copyright and LICENSE
-- Added test 'flake8' to check Python code syntax and style conventions
-- Configured 'flake8' exclude dirs and/or files: 
-- Added test 'lint_cmake' to check CMake code style
-- Added test 'pep257' to check Python code against some of the docstring style conventions in PEP 257
-- Added test 'xmllint' to check XML markup files
-- Configuring done (1.3s)
-- Generating done (0.0s)
-- Build files have been written to: /home/ranas/turtlebot4_navigation_urp/turtlebot4_ws/build/turtlebot4_navigation
Built target ament_cmake_python_symlink_turtlebot4_navigation
running egg_info
creating turtlebot4_navigation.egg-info
writing turtlebot4_navigation.egg-info/PKG-INFO
writing dependency_links to turtlebot4_navigation.egg-info/dependency_links.txt
writing top-level names to turtlebot4_navigation.egg-info/top_level.txt
writing manifest file 'turtlebot4_navigation.egg-info/SOURCES.txt'
reading manifest file 'turtlebot4_navigation.egg-info/SOURCES.txt'
writing manifest file 'turtlebot4_navigation.egg-info/SOURCES.txt'
Built target ament_cmake_python_build_turtlebot4_navigation_egg
-- Install configuration: ""
-- Execute custom install script
-- Symlinking: /home/ranas/turtlebot4_navigation_urp/turtlebot4_ws/install/turtlebot4_navigation/share/turtlebot4_navigation/config/localization.yaml
-- Symlinking: /home/ranas/turtlebot4_navigation_urp/turtlebot4_ws/install/turtlebot4_navigation/share/turtlebot4_navigation/config/nav2.yaml
-- Symlinking: /home/ranas/turtlebot4_navigation_urp/turtlebot4_ws/install/turtlebot4_navigation/share/turtlebot4_navigation/config/slam.yaml
-- Symlinking: /home/ranas/turtlebot4_navigation_urp/turtlebot4_ws/install/turtlebot4_navigation/share/turtlebot4_navigation/launch/localization.launch.py
-- Symlinking: /home/ranas/turtlebot4_navigation_urp/turtlebot4_ws/install/turtlebot4_navigation/share/turtlebot4_navigation/launch/nav2.launch.py
-- Symlinking: /home/ranas/turtlebot4_navigation_urp/turtlebot4_ws/install/turtlebot4_navigation/share/turtlebot4_navigation/launch/slam.launch.py
-- Symlinking: /home/ranas/turtlebot4_navigation_urp/turtlebot4_ws/install/turtlebot4_navigation/share/turtlebot4_navigation/maps/depot.pgm
-- Symlinking: /home/ranas/turtlebot4_navigation_urp/turtlebot4_ws/install/turtlebot4_navigation/share/turtlebot4_navigation/maps/depot.yaml
-- Symlinking: /home/ranas/turtlebot4_navigation_urp/turtlebot4_ws/install/turtlebot4_navigation/share/turtlebot4_navigation/maps/maze.pgm
-- Symlinking: /home/ranas/turtlebot4_navigation_urp/turtlebot4_ws/install/turtlebot4_navigation/share/turtlebot4_navigation/maps/maze.yaml
-- Symlinking: /home/ranas/turtlebot4_navigation_urp/turtlebot4_ws/install/turtlebot4_navigation/share/turtlebot4_navigation/maps/warehouse.pgm
-- Symlinking: /home/ranas/turtlebot4_navigation_urp/turtlebot4_ws/install/turtlebot4_navigation/share/turtlebot4_navigation/maps/warehouse.yaml
-- Symlinking: /home/ranas/turtlebot4_navigation_urp/turtlebot4_ws/install/turtlebot4_navigation/share/turtlebot4_navigation/environment/pythonpath.sh
-- Symlinking: /home/ranas/turtlebot4_navigation_urp/turtlebot4_ws/install/turtlebot4_navigation/share/turtlebot4_navigation/environment/pythonpath.dsv
-- Symlinking: /home/ranas/turtlebot4_navigation_urp/turtlebot4_ws/install/turtlebot4_navigation/lib/python3.12/site-packages/turtlebot4_navigation-2.0.1-py3.12.egg-info/PKG-INFO
-- Symlinking: /home/ranas/turtlebot4_navigation_urp/turtlebot4_ws/install/turtlebot4_navigation/lib/python3.12/site-packages/turtlebot4_navigation-2.0.1-py3.12.egg-info/SOURCES.txt
-- Symlinking: /home/ranas/turtlebot4_navigation_urp/turtlebot4_ws/install/turtlebot4_navigation/lib/python3.12/site-packages/turtlebot4_navigation-2.0.1-py3.12.egg-info/dependency_links.txt
-- Symlinking: /home/ranas/turtlebot4_navigation_urp/turtlebot4_ws/install/turtlebot4_navigation/lib/python3.12/site-packages/turtlebot4_navigation-2.0.1-py3.12.egg-info/top_level.txt
-- Symlinking: /home/ranas/turtlebot4_navigation_urp/turtlebot4_ws/install/turtlebot4_navigation/lib/python3.12/site-packages/turtlebot4_navigation/__init__.py
-- Symlinking: /home/ranas/turtlebot4_navigation_urp/turtlebot4_ws/install/turtlebot4_navigation/lib/python3.12/site-packages/turtlebot4_navigation/turtlebot4_navigator.py
-- Symlinking: /home/ranas/turtlebot4_navigation_urp/turtlebot4_ws/install/turtlebot4_navigation/lib/python3.12/site-packages/turtlebot4_navigator.py
-- Symlinking: /home/ranas/turtlebot4_navigation_urp/turtlebot4_ws/install/turtlebot4_navigation/share/ament_index/resource_index/package_run_dependencies/turtlebot4_navigation
-- Symlinking: /home/ranas/turtlebot4_navigation_urp/turtlebot4_ws/install/turtlebot4_navigation/share/ament_index/resource_index/parent_prefix_path/turtlebot4_navigation
-- Symlinking: /home/ranas/turtlebot4_navigation_urp/turtlebot4_ws/install/turtlebot4_navigation/share/turtlebot4_navigation/environment/ament_prefix_path.sh
-- Symlinking: /home/ranas/turtlebot4_navigation_urp/turtlebot4_ws/install/turtlebot4_navigation/share/turtlebot4_navigation/environment/ament_prefix_path.dsv
-- Symlinking: /home/ranas/turtlebot4_navigation_urp/turtlebot4_ws/install/turtlebot4_navigation/share/turtlebot4_navigation/environment/path.sh
-- Symlinking: /home/ranas/turtlebot4_navigation_urp/turtlebot4_ws/install/turtlebot4_navigation/share/turtlebot4_navigation/environment/path.dsv
-- Symlinking: /home/ranas/turtlebot4_navigation_urp/turtlebot4_ws/install/turtlebot4_navigation/share/turtlebot4_navigation/local_setup.bash
-- Symlinking: /home/ranas/turtlebot4_navigation_urp/turtlebot4_ws/install/turtlebot4_navigation/share/turtlebot4_navigation/local_setup.sh
-- Symlinking: /home/ranas/turtlebot4_navigation_urp/turtlebot4_ws/install/turtlebot4_navigation/share/turtlebot4_navigation/local_setup.zsh
-- Symlinking: /home/ranas/turtlebot4_navigation_urp/turtlebot4_ws/install/turtlebot4_navigation/share/turtlebot4_navigation/local_setup.dsv
-- Symlinking: /home/ranas/turtlebot4_navigation_urp/turtlebot4_ws/install/turtlebot4_navigation/share/turtlebot4_navigation/package.dsv
-- Symlinking: /home/ranas/turtlebot4_navigation_urp/turtlebot4_ws/install/turtlebot4_navigation/share/ament_index/resource_index/packages/turtlebot4_navigation
-- Symlinking: /home/ranas/turtlebot4_navigation_urp/turtlebot4_ws/install/turtlebot4_navigation/share/turtlebot4_navigation/cmake/turtlebot4_navigationConfig.cmake
-- Symlinking: /home/ranas/turtlebot4_navigation_urp/turtlebot4_ws/install/turtlebot4_navigation/share/turtlebot4_navigation/cmake/turtlebot4_navigationConfig-version.cmake
-- Symlinking: /home/ranas/turtlebot4_navigation_urp/turtlebot4_ws/install/turtlebot4_navigation/share/turtlebot4_navigation/package.xml
Listing '/home/ranas/turtlebot4_navigation_urp/turtlebot4_ws/install/turtlebot4_navigation/lib/python3.12/site-packages/turtlebot4_navigation'...
Compiling '/home/ranas/turtlebot4_navigation_urp/turtlebot4_ws/install/turtlebot4_navigation/lib/python3.12/site-packages/turtlebot4_navigation/__init__.py'...
Compiling '/home/ranas/turtlebot4_navigation_urp/turtlebot4_ws/install/turtlebot4_navigation/lib/python3.12/site-packages/turtlebot4_navigation/turtlebot4_navigator.py'...
Compiling '/home/ranas/turtlebot4_navigation_urp/turtlebot4_ws/install/turtlebot4_navigation/lib/python3.12/site-packages/turtlebot4_navigator.py'...
