running egg_info
creating ../build/turtlebot4_path_planner/turtlebot4_path_planner.egg-info
writing ../build/turtlebot4_path_planner/turtlebot4_path_planner.egg-info/PKG-INFO
writing dependency_links to ../build/turtlebot4_path_planner/turtlebot4_path_planner.egg-info/dependency_links.txt
writing requirements to ../build/turtlebot4_path_planner/turtlebot4_path_planner.egg-info/requires.txt
writing top-level names to ../build/turtlebot4_path_planner/turtlebot4_path_planner.egg-info/top_level.txt
writing manifest file '../build/turtlebot4_path_planner/turtlebot4_path_planner.egg-info/SOURCES.txt'
reading manifest file '../build/turtlebot4_path_planner/turtlebot4_path_planner.egg-info/SOURCES.txt'
writing manifest file '../build/turtlebot4_path_planner/turtlebot4_path_planner.egg-info/SOURCES.txt'
running build
running build_py
creating /home/ranas/turtlebot4_ws/src/build/turtlebot4_path_planner/build
creating /home/ranas/turtlebot4_ws/src/build/turtlebot4_path_planner/build/lib
creating /home/ranas/turtlebot4_ws/src/build/turtlebot4_path_planner/build/lib/turtlebot4_path_planner
copying turtlebot4_path_planner/__init__.py -> /home/ranas/turtlebot4_ws/src/build/turtlebot4_path_planner/build/lib/turtlebot4_path_planner
running install
running install_lib
creating /home/ranas/turtlebot4_ws/src/install/turtlebot4_path_planner/lib/python3.12/site-packages/turtlebot4_path_planner
copying /home/ranas/turtlebot4_ws/src/build/turtlebot4_path_planner/build/lib/turtlebot4_path_planner/__init__.py -> /home/ranas/turtlebot4_ws/src/install/turtlebot4_path_planner/lib/python3.12/site-packages/turtlebot4_path_planner
byte-compiling /home/ranas/turtlebot4_ws/src/install/turtlebot4_path_planner/lib/python3.12/site-packages/turtlebot4_path_planner/__init__.py to __init__.cpython-312.pyc
running install_data
creating /home/ranas/turtlebot4_ws/src/install/turtlebot4_path_planner/share/ament_index
creating /home/ranas/turtlebot4_ws/src/install/turtlebot4_path_planner/share/ament_index/resource_index
creating /home/ranas/turtlebot4_ws/src/install/turtlebot4_path_planner/share/ament_index/resource_index/packages
copying resource/turtlebot4_path_planner -> /home/ranas/turtlebot4_ws/src/install/turtlebot4_path_planner/share/ament_index/resource_index/packages
copying package.xml -> /home/ranas/turtlebot4_ws/src/install/turtlebot4_path_planner/share/turtlebot4_path_planner
running install_egg_info
Copying ../build/turtlebot4_path_planner/turtlebot4_path_planner.egg-info to /home/ranas/turtlebot4_ws/src/install/turtlebot4_path_planner/lib/python3.12/site-packages/turtlebot4_path_planner-0.0.0-py3.12.egg-info
running install_scripts
writing list of installed files to '/home/ranas/turtlebot4_ws/src/build/turtlebot4_path_planner/install.log'
