-- The C compiler identification is GNU 13.3.0
-- The CXX compiler identification is GNU 13.3.0
-- Detecting C compiler ABI info
-- Detecting C compiler ABI info - done
-- Check for working C compiler: /usr/bin/cc - skipped
-- Detecting C compile features
-- Detecting C compile features - done
-- Detecting CXX compiler ABI info
-- Detecting CXX compiler ABI info - done
-- Check for working CXX compiler: /usr/bin/c++ - skipped
-- Detecting CXX compile features
-- Detecting CXX compile features - done
-- Found ament_cmake: 2.5.3 (/opt/ros/jazzy/share/ament_cmake/cmake)
-- Found Python3: /usr/bin/python3 (found version "3.12.3") found components: Interpreter 
-- Override CMake install command with custom implementation using symlinks instead of copying resources
-- Performing Test arch_native_supported
-- Performing Test arch_native_supported - Success
-- Found rclcpp: 28.1.6 (/opt/ros/jazzy/share/rclcpp/cmake)
-- Found rosidl_generator_c: 4.6.5 (/opt/ros/jazzy/share/rosidl_generator_c/cmake)
-- Found rosidl_generator_cpp: 4.6.5 (/opt/ros/jazzy/share/rosidl_generator_cpp/cmake)
-- Using all available rosidl_typesupport_c: rosidl_typesupport_fastrtps_c;rosidl_typesupport_introspection_c
-- Using all available rosidl_typesupport_cpp: rosidl_typesupport_fastrtps_cpp;rosidl_typesupport_introspection_cpp
-- Found rmw_implementation_cmake: 7.3.1 (/opt/ros/jazzy/share/rmw_implementation_cmake/cmake)
-- Found rmw_fastrtps_cpp: 8.4.1 (/opt/ros/jazzy/share/rmw_fastrtps_cpp/cmake)
-- Found OpenSSL: /usr/lib/x86_64-linux-gnu/libcrypto.so (found version "3.0.13")  
-- Found FastRTPS: /opt/ros/jazzy/include (Required is at least version "2.13") 
-- Using RMW implementation 'rmw_fastrtps_cpp' as default
-- Found nav2_common: 1.3.5 (/home/ranas/turtlebot4_navigation_urp/turtlebot4_ws/install/nav2_common/share/nav2_common/cmake)
-- Found pluginlib: 5.4.2 (/opt/ros/jazzy/share/pluginlib/cmake)
-- Found tf2: 0.36.8 (/opt/ros/jazzy/share/tf2/cmake)
-- Found visualization_msgs: 5.3.5 (/opt/ros/jazzy/share/visualization_msgs/cmake)
-- Found nav_msgs: 5.3.5 (/opt/ros/jazzy/share/nav_msgs/cmake)
-- Found nav2_core: 1.3.5 (/home/ranas/turtlebot4_navigation_urp/turtlebot4_ws/install/nav2_core/share/nav2_core/cmake)
-- Found eigen3_cmake_module: 0.3.0 (/opt/ros/jazzy/share/eigen3_cmake_module/cmake)
-- Found Eigen3: TRUE (found version "3.4.0") 
-- Ensuring Eigen3 include directory is part of orocos-kdl CMake target
-- Found tf2_eigen: 0.36.8 (/opt/ros/jazzy/share/tf2_eigen/cmake)
-- Setting build type to Release as none was specified.
-- Performing Test COMPILER_SUPPORTS_AVX512
-- Performing Test COMPILER_SUPPORTS_AVX512 - Success
-- Performing Test COMPILER_SUPPORTS_SSE4
-- Performing Test COMPILER_SUPPORTS_SSE4 - Success
-- Performing Test COMPILER_SUPPORTS_AVX2
-- Performing Test COMPILER_SUPPORTS_AVX2 - Success
-- Performing Test COMPILER_SUPPORTS_FMA
-- Performing Test COMPILER_SUPPORTS_FMA - Success
-- Found ament_lint_auto: 0.17.1 (/opt/ros/jazzy/share/ament_lint_auto/cmake)
-- Found ament_cmake_gtest: 2.5.3 (/opt/ros/jazzy/share/ament_cmake_gtest/cmake)
-- Found gtest sources under '/opt/ros/jazzy/src/gtest_vendor': C++ tests using 'Google Test' will be built
-- Performing Test CMAKE_HAVE_LIBC_PTHREAD
-- Performing Test CMAKE_HAVE_LIBC_PTHREAD - Success
-- Found Threads: TRUE  
-- Added test 'cppcheck' to perform static code analysis on C / C++ code
-- Configured cppcheck include dirs: /home/ranas/turtlebot4_navigation_urp/turtlebot4_ws/src/navigation2/nav2_mppi_controller/include
-- Configured cppcheck exclude dirs and/or files: 
-- Added test 'cpplint' to check C / C++ code against the Google style
-- Configured cpplint exclude dirs and/or files: 
-- Added test 'lint_cmake' to check CMake code style
-- Added test 'uncrustify' to check C / C++ code style
-- Configured uncrustify additional arguments: 
-- Added test 'xmllint' to check XML markup files
-- Configuring done (21.9s)
-- Generating done (2.3s)
-- Build files have been written to: /home/ranas/turtlebot4_navigation_urp/turtlebot4_ws/build/nav2_mppi_controller
[  2%] [32mBuilding CXX object CMakeFiles/mppi_controller.dir/src/controller.cpp.o[0m
[  4%] [32mBuilding CXX object CMakeFiles/mppi_controller.dir/src/noise_generator.cpp.o[0m
[  6%] [32mBuilding CXX object CMakeFiles/mppi_controller.dir/src/parameters_handler.cpp.o[0m
[  8%] [32mBuilding CXX object CMakeFiles/mppi_controller.dir/src/path_handler.cpp.o[0m
[ 10%] [32mBuilding CXX object CMakeFiles/mppi_controller.dir/src/critic_manager.cpp.o[0m
[ 12%] [32mBuilding CXX object CMakeFiles/mppi_controller.dir/src/trajectory_visualizer.cpp.o[0m
[ 14%] [32mBuilding CXX object CMakeFiles/mppi_controller.dir/src/optimizer.cpp.o[0m
[ 16%] [32m[1mLinking CXX shared library libmppi_controller.so[0m
[ 16%] Built target mppi_controller
[ 20%] [32mBuilding CXX object CMakeFiles/mppi_critics.dir/src/critics/obstacles_critic.cpp.o[0m
[ 20%] [32mBuilding CXX object CMakeFiles/mppi_critics.dir/src/critics/cost_critic.cpp.o[0m
[ 22%] [32mBuilding CXX object gtest/CMakeFiles/gtest_main.dir/src/gtest_main.cc.o[0m
[ 25%] [32mBuilding CXX object CMakeFiles/mppi_critics.dir/src/critics/goal_angle_critic.cpp.o[0m
[ 27%] [32mBuilding CXX object CMakeFiles/mppi_critics.dir/src/critics/goal_critic.cpp.o[0m
[ 29%] [32mBuilding CXX object gtest/CMakeFiles/gtest.dir/src/gtest-all.cc.o[0m
[ 31%] [32mBuilding CXX object CMakeFiles/mppi_critics.dir/src/critics/path_align_critic.cpp.o[0m
[ 33%] [32m[1mLinking CXX static library libgtest_main.a[0m
[ 33%] Built target gtest_main
[ 35%] [32mBuilding CXX object CMakeFiles/mppi_critics.dir/src/critics/velocity_deadband_critic.cpp.o[0m
[ 37%] [32mBuilding CXX object CMakeFiles/mppi_critics.dir/src/critics/constraint_critic.cpp.o[0m
[ 41%] [32mBuilding CXX object CMakeFiles/mppi_critics.dir/src/critics/prefer_forward_critic.cpp.o[0m
[ 41%] [32mBuilding CXX object CMakeFiles/mppi_critics.dir/src/critics/twirling_critic.cpp.o[0m
[ 43%] [32mBuilding CXX object CMakeFiles/mppi_critics.dir/src/critics/path_follow_critic.cpp.o[0m
[ 45%] [32mBuilding CXX object CMakeFiles/mppi_critics.dir/src/critics/path_angle_critic.cpp.o[0m
[ 47%] [32m[1mLinking CXX static library libgtest.a[0m
[ 47%] Built target gtest
[ 50%] [32mBuilding CXX object test/CMakeFiles/controller_state_transition_test.dir/controller_state_transition_test.cpp.o[0m
[ 52%] [32mBuilding CXX object test/CMakeFiles/optimizer_smoke_test.dir/optimizer_smoke_test.cpp.o[0m
[ 54%] [32m[1mLinking CXX shared library libmppi_critics.so[0m
[ 54%] Built target mppi_critics
[ 56%] [32mBuilding CXX object test/CMakeFiles/utils_test.dir/utils_test.cpp.o[0m
[ 58%] [32mBuilding CXX object test/CMakeFiles/optimizer_unit_tests.dir/optimizer_unit_tests.cpp.o[0m
[ 60%] [32mBuilding CXX object test/CMakeFiles/critic_manager_test.dir/critic_manager_test.cpp.o[0m
[ 64%] [32mBuilding CXX object test/CMakeFiles/motion_model_tests.dir/motion_model_tests.cpp.o[0m
[ 64%] [32mBuilding CXX object test/CMakeFiles/path_handler_test.dir/path_handler_test.cpp.o[0m
[ 66%] [32mBuilding CXX object test/CMakeFiles/noise_generator_test.dir/noise_generator_test.cpp.o[0m
[ 68%] [32mBuilding CXX object test/CMakeFiles/parameter_handler_test.dir/parameter_handler_test.cpp.o[0m
[ 70%] [32mBuilding CXX object test/CMakeFiles/trajectory_visualizer_tests.dir/trajectory_visualizer_tests.cpp.o[0m
[ 72%] [32m[1mLinking CXX executable controller_state_transition_test[0m
[ 72%] Built target controller_state_transition_test
[ 75%] [32mBuilding CXX object test/CMakeFiles/models_test.dir/models_test.cpp.o[0m
[ 77%] [32mBuilding CXX object test/CMakeFiles/critics_tests.dir/critics_tests.cpp.o[0m
[ 79%] [32m[1mLinking CXX executable optimizer_smoke_test[0m
[ 79%] Built target optimizer_smoke_test
[ 81%] [32m[1mLinking CXX executable parameter_handler_test[0m
[ 81%] Built target parameter_handler_test
[ 83%] [32m[1mLinking CXX executable noise_generator_test[0m
[ 85%] [32m[1mLinking CXX executable path_handler_test[0m
[ 87%] [32m[1mLinking CXX executable models_test[0m
[ 87%] Built target noise_generator_test
[ 87%] Built target path_handler_test
[ 87%] Built target models_test
[ 89%] [32m[1mLinking CXX executable motion_model_tests[0m
[ 89%] Built target motion_model_tests
[ 91%] [32m[1mLinking CXX executable utils_test[0m
[ 93%] [32m[1mLinking CXX executable critic_manager_test[0m
[ 93%] Built target utils_test
[ 93%] Built target critic_manager_test
[ 95%] [32m[1mLinking CXX executable critics_tests[0m
[ 97%] [32m[1mLinking CXX executable optimizer_unit_tests[0m
[ 97%] Built target critics_tests
[ 97%] Built target optimizer_unit_tests
[100%] [32m[1mLinking CXX executable trajectory_visualizer_tests[0m
[100%] Built target trajectory_visualizer_tests
-- Install configuration: "Release"
-- Execute custom install script
-- Symlinking: /home/ranas/turtlebot4_navigation_urp/turtlebot4_ws/install/nav2_mppi_controller/lib/libmppi_controller.so
-- Symlinking: /home/ranas/turtlebot4_navigation_urp/turtlebot4_ws/install/nav2_mppi_controller/lib/libmppi_critics.so
-- Symlinking: /home/ranas/turtlebot4_navigation_urp/turtlebot4_ws/install/nav2_mppi_controller/include//nav2_mppi_controller/controller.hpp
-- Symlinking: /home/ranas/turtlebot4_navigation_urp/turtlebot4_ws/install/nav2_mppi_controller/include//nav2_mppi_controller/critic_data.hpp
-- Symlinking: /home/ranas/turtlebot4_navigation_urp/turtlebot4_ws/install/nav2_mppi_controller/include//nav2_mppi_controller/critic_function.hpp
-- Symlinking: /home/ranas/turtlebot4_navigation_urp/turtlebot4_ws/install/nav2_mppi_controller/include//nav2_mppi_controller/critic_manager.hpp
-- Symlinking: /home/ranas/turtlebot4_navigation_urp/turtlebot4_ws/install/nav2_mppi_controller/include//nav2_mppi_controller/critics/constraint_critic.hpp
-- Symlinking: /home/ranas/turtlebot4_navigation_urp/turtlebot4_ws/install/nav2_mppi_controller/include//nav2_mppi_controller/critics/cost_critic.hpp
-- Symlinking: /home/ranas/turtlebot4_navigation_urp/turtlebot4_ws/install/nav2_mppi_controller/include//nav2_mppi_controller/critics/goal_angle_critic.hpp
-- Symlinking: /home/ranas/turtlebot4_navigation_urp/turtlebot4_ws/install/nav2_mppi_controller/include//nav2_mppi_controller/critics/goal_critic.hpp
-- Symlinking: /home/ranas/turtlebot4_navigation_urp/turtlebot4_ws/install/nav2_mppi_controller/include//nav2_mppi_controller/critics/obstacles_critic.hpp
-- Symlinking: /home/ranas/turtlebot4_navigation_urp/turtlebot4_ws/install/nav2_mppi_controller/include//nav2_mppi_controller/critics/path_align_critic.hpp
-- Symlinking: /home/ranas/turtlebot4_navigation_urp/turtlebot4_ws/install/nav2_mppi_controller/include//nav2_mppi_controller/critics/path_angle_critic.hpp
-- Symlinking: /home/ranas/turtlebot4_navigation_urp/turtlebot4_ws/install/nav2_mppi_controller/include//nav2_mppi_controller/critics/path_follow_critic.hpp
-- Symlinking: /home/ranas/turtlebot4_navigation_urp/turtlebot4_ws/install/nav2_mppi_controller/include//nav2_mppi_controller/critics/prefer_forward_critic.hpp
-- Symlinking: /home/ranas/turtlebot4_navigation_urp/turtlebot4_ws/install/nav2_mppi_controller/include//nav2_mppi_controller/critics/twirling_critic.hpp
-- Symlinking: /home/ranas/turtlebot4_navigation_urp/turtlebot4_ws/install/nav2_mppi_controller/include//nav2_mppi_controller/critics/velocity_deadband_critic.hpp
-- Symlinking: /home/ranas/turtlebot4_navigation_urp/turtlebot4_ws/install/nav2_mppi_controller/include//nav2_mppi_controller/models/constraints.hpp
-- Symlinking: /home/ranas/turtlebot4_navigation_urp/turtlebot4_ws/install/nav2_mppi_controller/include//nav2_mppi_controller/models/control_sequence.hpp
-- Symlinking: /home/ranas/turtlebot4_navigation_urp/turtlebot4_ws/install/nav2_mppi_controller/include//nav2_mppi_controller/models/optimizer_settings.hpp
-- Symlinking: /home/ranas/turtlebot4_navigation_urp/turtlebot4_ws/install/nav2_mppi_controller/include//nav2_mppi_controller/models/path.hpp
-- Symlinking: /home/ranas/turtlebot4_navigation_urp/turtlebot4_ws/install/nav2_mppi_controller/include//nav2_mppi_controller/models/state.hpp
-- Symlinking: /home/ranas/turtlebot4_navigation_urp/turtlebot4_ws/install/nav2_mppi_controller/include//nav2_mppi_controller/models/trajectories.hpp
-- Symlinking: /home/ranas/turtlebot4_navigation_urp/turtlebot4_ws/install/nav2_mppi_controller/include//nav2_mppi_controller/motion_models.hpp
-- Symlinking: /home/ranas/turtlebot4_navigation_urp/turtlebot4_ws/install/nav2_mppi_controller/include//nav2_mppi_controller/optimizer.hpp
-- Symlinking: /home/ranas/turtlebot4_navigation_urp/turtlebot4_ws/install/nav2_mppi_controller/include//nav2_mppi_controller/tools/noise_generator.hpp
-- Symlinking: /home/ranas/turtlebot4_navigation_urp/turtlebot4_ws/install/nav2_mppi_controller/include//nav2_mppi_controller/tools/parameters_handler.hpp
-- Symlinking: /home/ranas/turtlebot4_navigation_urp/turtlebot4_ws/install/nav2_mppi_controller/include//nav2_mppi_controller/tools/path_handler.hpp
-- Symlinking: /home/ranas/turtlebot4_navigation_urp/turtlebot4_ws/install/nav2_mppi_controller/include//nav2_mppi_controller/tools/trajectory_visualizer.hpp
-- Symlinking: /home/ranas/turtlebot4_navigation_urp/turtlebot4_ws/install/nav2_mppi_controller/include//nav2_mppi_controller/tools/utils.hpp
-- Symlinking: /home/ranas/turtlebot4_navigation_urp/turtlebot4_ws/install/nav2_mppi_controller/share/nav2_mppi_controller/environment/library_path.sh
-- Symlinking: /home/ranas/turtlebot4_navigation_urp/turtlebot4_ws/install/nav2_mppi_controller/share/nav2_mppi_controller/environment/library_path.dsv
-- Symlinking: /home/ranas/turtlebot4_navigation_urp/turtlebot4_ws/install/nav2_mppi_controller/share/nav2_mppi_controller//mppic.xml
-- Symlinking: /home/ranas/turtlebot4_navigation_urp/turtlebot4_ws/install/nav2_mppi_controller/share/nav2_mppi_controller//critics.xml
-- Symlinking: /home/ranas/turtlebot4_navigation_urp/turtlebot4_ws/install/nav2_mppi_controller/share/ament_index/resource_index/package_run_dependencies/nav2_mppi_controller
-- Symlinking: /home/ranas/turtlebot4_navigation_urp/turtlebot4_ws/install/nav2_mppi_controller/share/ament_index/resource_index/parent_prefix_path/nav2_mppi_controller
-- Symlinking: /home/ranas/turtlebot4_navigation_urp/turtlebot4_ws/install/nav2_mppi_controller/share/nav2_mppi_controller/environment/ament_prefix_path.sh
-- Symlinking: /home/ranas/turtlebot4_navigation_urp/turtlebot4_ws/install/nav2_mppi_controller/share/nav2_mppi_controller/environment/ament_prefix_path.dsv
-- Symlinking: /home/ranas/turtlebot4_navigation_urp/turtlebot4_ws/install/nav2_mppi_controller/share/nav2_mppi_controller/environment/path.sh
-- Symlinking: /home/ranas/turtlebot4_navigation_urp/turtlebot4_ws/install/nav2_mppi_controller/share/nav2_mppi_controller/environment/path.dsv
-- Symlinking: /home/ranas/turtlebot4_navigation_urp/turtlebot4_ws/install/nav2_mppi_controller/share/nav2_mppi_controller/local_setup.bash
-- Symlinking: /home/ranas/turtlebot4_navigation_urp/turtlebot4_ws/install/nav2_mppi_controller/share/nav2_mppi_controller/local_setup.sh
-- Symlinking: /home/ranas/turtlebot4_navigation_urp/turtlebot4_ws/install/nav2_mppi_controller/share/nav2_mppi_controller/local_setup.zsh
-- Symlinking: /home/ranas/turtlebot4_navigation_urp/turtlebot4_ws/install/nav2_mppi_controller/share/nav2_mppi_controller/local_setup.dsv
-- Symlinking: /home/ranas/turtlebot4_navigation_urp/turtlebot4_ws/install/nav2_mppi_controller/share/nav2_mppi_controller/package.dsv
-- Symlinking: /home/ranas/turtlebot4_navigation_urp/turtlebot4_ws/install/nav2_mppi_controller/share/ament_index/resource_index/packages/nav2_mppi_controller
-- Symlinking: /home/ranas/turtlebot4_navigation_urp/turtlebot4_ws/install/nav2_mppi_controller/share/ament_index/resource_index/nav2_core__pluginlib__plugin/nav2_mppi_controller
-- Symlinking: /home/ranas/turtlebot4_navigation_urp/turtlebot4_ws/install/nav2_mppi_controller/share/ament_index/resource_index/nav2_mppi_controller__pluginlib__plugin/nav2_mppi_controller
-- Symlinking: /home/ranas/turtlebot4_navigation_urp/turtlebot4_ws/install/nav2_mppi_controller/share/nav2_mppi_controller/cmake/ament_cmake_export_libraries-extras.cmake
-- Symlinking: /home/ranas/turtlebot4_navigation_urp/turtlebot4_ws/install/nav2_mppi_controller/share/nav2_mppi_controller/cmake/ament_cmake_export_dependencies-extras.cmake
-- Symlinking: /home/ranas/turtlebot4_navigation_urp/turtlebot4_ws/install/nav2_mppi_controller/share/nav2_mppi_controller/cmake/ament_cmake_export_include_directories-extras.cmake
-- Symlinking: /home/ranas/turtlebot4_navigation_urp/turtlebot4_ws/install/nav2_mppi_controller/share/nav2_mppi_controller/cmake/nav2_mppi_controllerConfig.cmake
-- Symlinking: /home/ranas/turtlebot4_navigation_urp/turtlebot4_ws/install/nav2_mppi_controller/share/nav2_mppi_controller/cmake/nav2_mppi_controllerConfig-version.cmake
-- Symlinking: /home/ranas/turtlebot4_navigation_urp/turtlebot4_ws/install/nav2_mppi_controller/share/nav2_mppi_controller/package.xml
