running develop
running egg_info
creating turtlebot4_path_planner.egg-info
writing turtlebot4_path_planner.egg-info/PKG-INFO
writing dependency_links to turtlebot4_path_planner.egg-info/dependency_links.txt
writing entry points to turtlebot4_path_planner.egg-info/entry_points.txt
writing requirements to turtlebot4_path_planner.egg-info/requires.txt
writing top-level names to turtlebot4_path_planner.egg-info/top_level.txt
writing manifest file 'turtlebot4_path_planner.egg-info/SOURCES.txt'
reading manifest file 'turtlebot4_path_planner.egg-info/SOURCES.txt'
writing manifest file 'turtlebot4_path_planner.egg-info/SOURCES.txt'
running build_ext
Creating /home/ranas/turtlebot4_navigation_urp/turtlebot4_ws/install/turtlebot4_path_planner/lib/python3.12/site-packages/turtlebot4-path-planner.egg-link (link to .)
Installing path_planner script to /home/ranas/turtlebot4_navigation_urp/turtlebot4_ws/install/turtlebot4_path_planner/lib/turtlebot4_path_planner

Installed /home/ranas/turtlebot4_navigation_urp/turtlebot4_ws/build/turtlebot4_path_planner
running symlink_data
creating /home/ranas/turtlebot4_navigation_urp/turtlebot4_ws/install/turtlebot4_path_planner/share/ament_index
creating /home/ranas/turtlebot4_navigation_urp/turtlebot4_ws/install/turtlebot4_path_planner/share/ament_index/resource_index
creating /home/ranas/turtlebot4_navigation_urp/turtlebot4_ws/install/turtlebot4_path_planner/share/ament_index/resource_index/packages
symbolically linking /home/ranas/turtlebot4_navigation_urp/turtlebot4_ws/build/turtlebot4_path_planner/resource/turtlebot4_path_planner -> /home/ranas/turtlebot4_navigation_urp/turtlebot4_ws/install/turtlebot4_path_planner/share/ament_index/resource_index/packages
symbolically linking /home/ranas/turtlebot4_navigation_urp/turtlebot4_ws/build/turtlebot4_path_planner/package.xml -> /home/ranas/turtlebot4_navigation_urp/turtlebot4_ws/install/turtlebot4_path_planner/share/turtlebot4_path_planner
