[1.102s] Invoking command in '/home/ranas/turtlebot4_navigation_urp/turtlebot4_ws/build/turtlebot4_path_planner': DEBUGINFOD_URLS=https://debuginfod.ubuntu.com PYTHONPATH=/home/ranas/turtlebot4_navigation_urp/turtlebot4_ws/build/turtlebot4_path_planner/prefix_override:/usr/lib/python3/dist-packages/colcon_core/task/python/colcon_distutils_commands:/home/ranas/turtlebot4_navigation_urp/turtlebot4_ws/install/turtlebot4_path_planner/lib/python3.12/site-packages:${PYTHONPATH} /usr/bin/python3 -W ignore:setup.py install is deprecated -W ignore:easy_install command is deprecated setup.py develop --editable --build-directory /home/ranas/turtlebot4_navigation_urp/turtlebot4_ws/build/turtlebot4_path_planner/build --no-deps symlink_data
[1.331s] running develop
[1.441s] running egg_info
[1.441s] creating turtlebot4_path_planner.egg-info
[1.451s] writing turtlebot4_path_planner.egg-info/PKG-INFO
[1.451s] writing dependency_links to turtlebot4_path_planner.egg-info/dependency_links.txt
[1.451s] writing entry points to turtlebot4_path_planner.egg-info/entry_points.txt
[1.451s] writing requirements to turtlebot4_path_planner.egg-info/requires.txt
[1.451s] writing top-level names to turtlebot4_path_planner.egg-info/top_level.txt
[1.452s] writing manifest file 'turtlebot4_path_planner.egg-info/SOURCES.txt'
[1.474s] reading manifest file 'turtlebot4_path_planner.egg-info/SOURCES.txt'
[1.474s] writing manifest file 'turtlebot4_path_planner.egg-info/SOURCES.txt'
[1.486s] running build_ext
[1.487s] Creating /home/ranas/turtlebot4_navigation_urp/turtlebot4_ws/install/turtlebot4_path_planner/lib/python3.12/site-packages/turtlebot4-path-planner.egg-link (link to .)
[1.487s] Installing path_planner script to /home/ranas/turtlebot4_navigation_urp/turtlebot4_ws/install/turtlebot4_path_planner/lib/turtlebot4_path_planner
[1.487s] 
[1.487s] Installed /home/ranas/turtlebot4_navigation_urp/turtlebot4_ws/build/turtlebot4_path_planner
[1.487s] running symlink_data
[1.487s] creating /home/ranas/turtlebot4_navigation_urp/turtlebot4_ws/install/turtlebot4_path_planner/share/ament_index
[1.487s] creating /home/ranas/turtlebot4_navigation_urp/turtlebot4_ws/install/turtlebot4_path_planner/share/ament_index/resource_index
[1.487s] creating /home/ranas/turtlebot4_navigation_urp/turtlebot4_ws/install/turtlebot4_path_planner/share/ament_index/resource_index/packages
[1.487s] symbolically linking /home/ranas/turtlebot4_navigation_urp/turtlebot4_ws/build/turtlebot4_path_planner/resource/turtlebot4_path_planner -> /home/ranas/turtlebot4_navigation_urp/turtlebot4_ws/install/turtlebot4_path_planner/share/ament_index/resource_index/packages
[1.488s] symbolically linking /home/ranas/turtlebot4_navigation_urp/turtlebot4_ws/build/turtlebot4_path_planner/package.xml -> /home/ranas/turtlebot4_navigation_urp/turtlebot4_ws/install/turtlebot4_path_planner/share/turtlebot4_path_planner
[1.512s] Invoked command in '/home/ranas/turtlebot4_navigation_urp/turtlebot4_ws/build/turtlebot4_path_planner' returned '0': DEBUGINFOD_URLS=https://debuginfod.ubuntu.com PYTHONPATH=/home/ranas/turtlebot4_navigation_urp/turtlebot4_ws/build/turtlebot4_path_planner/prefix_override:/usr/lib/python3/dist-packages/colcon_core/task/python/colcon_distutils_commands:/home/ranas/turtlebot4_navigation_urp/turtlebot4_ws/install/turtlebot4_path_planner/lib/python3.12/site-packages:${PYTHONPATH} /usr/bin/python3 -W ignore:setup.py install is deprecated -W ignore:easy_install command is deprecated setup.py develop --editable --build-directory /home/ranas/turtlebot4_navigation_urp/turtlebot4_ws/build/turtlebot4_path_planner/build --no-deps symlink_data
