running develop
running egg_info
creating nav2_loopback_sim.egg-info
writing nav2_loopback_sim.egg-info/PKG-INFO
writing dependency_links to nav2_loopback_sim.egg-info/dependency_links.txt
writing entry points to nav2_loopback_sim.egg-info/entry_points.txt
writing requirements to nav2_loopback_sim.egg-info/requires.txt
writing top-level names to nav2_loopback_sim.egg-info/top_level.txt
writing manifest file 'nav2_loopback_sim.egg-info/SOURCES.txt'
reading manifest file 'nav2_loopback_sim.egg-info/SOURCES.txt'
writing manifest file 'nav2_loopback_sim.egg-info/SOURCES.txt'
running build_ext
Creating /home/ranas/turtlebot4_navigation_urp/turtlebot4_ws/install/nav2_loopback_sim/lib/python3.12/site-packages/nav2-loopback-sim.egg-link (link to .)
Installing loopback_simulator script to /home/ranas/turtlebot4_navigation_urp/turtlebot4_ws/install/nav2_loopback_sim/lib/nav2_loopback_sim

Installed /home/ranas/turtlebot4_navigation_urp/turtlebot4_ws/build/nav2_loopback_sim
running symlink_data
creating /home/ranas/turtlebot4_navigation_urp/turtlebot4_ws/install/nav2_loopback_sim/share/ament_index
creating /home/ranas/turtlebot4_navigation_urp/turtlebot4_ws/install/nav2_loopback_sim/share/ament_index/resource_index
creating /home/ranas/turtlebot4_navigation_urp/turtlebot4_ws/install/nav2_loopback_sim/share/ament_index/resource_index/packages
symbolically linking /home/ranas/turtlebot4_navigation_urp/turtlebot4_ws/build/nav2_loopback_sim/resource/nav2_loopback_sim -> /home/ranas/turtlebot4_navigation_urp/turtlebot4_ws/install/nav2_loopback_sim/share/ament_index/resource_index/packages
symbolically linking /home/ranas/turtlebot4_navigation_urp/turtlebot4_ws/build/nav2_loopback_sim/package.xml -> /home/ranas/turtlebot4_navigation_urp/turtlebot4_ws/install/nav2_loopback_sim/share/nav2_loopback_sim
symbolically linking /home/ranas/turtlebot4_navigation_urp/turtlebot4_ws/build/nav2_loopback_sim/launch/loopback_simulation.launch.py -> /home/ranas/turtlebot4_navigation_urp/turtlebot4_ws/install/nav2_loopback_sim/share/nav2_loopback_sim
