-- The C compiler identification is GNU 13.3.0
-- The CXX compiler identification is GNU 13.3.0
-- Detecting C compiler ABI info
-- Detecting C compiler ABI info - done
-- Check for working C compiler: /usr/bin/cc - skipped
-- Detecting C compile features
-- Detecting C compile features - done
-- Detecting CXX compiler ABI info
-- Detecting CXX compiler ABI info - done
-- Check for working CXX compiler: /usr/bin/c++ - skipped
-- Detecting CXX compile features
-- Detecting CXX compile features - done
-- Found ament_cmake: 2.5.3 (/opt/ros/jazzy/share/ament_cmake/cmake)
-- Found Python3: /usr/bin/python3 (found version "3.12.3") found components: Interpreter 
-- Override CMake install command with custom implementation using symlinks instead of copying resources
-- Found rclcpp: 28.1.6 (/opt/ros/jazzy/share/rclcpp/cmake)
-- Found rosidl_generator_c: 4.6.5 (/opt/ros/jazzy/share/rosidl_generator_c/cmake)
-- Found rosidl_generator_cpp: 4.6.5 (/opt/ros/jazzy/share/rosidl_generator_cpp/cmake)
-- Using all available rosidl_typesupport_c: rosidl_typesupport_fastrtps_c;rosidl_typesupport_introspection_c
-- Using all available rosidl_typesupport_cpp: rosidl_typesupport_fastrtps_cpp;rosidl_typesupport_introspection_cpp
-- Found rmw_implementation_cmake: 7.3.1 (/opt/ros/jazzy/share/rmw_implementation_cmake/cmake)
-- Found rmw_fastrtps_cpp: 8.4.1 (/opt/ros/jazzy/share/rmw_fastrtps_cpp/cmake)
-- Found OpenSSL: /usr/lib/x86_64-linux-gnu/libcrypto.so (found version "3.0.13")  
-- Found FastRTPS: /opt/ros/jazzy/include (Required is at least version "2.13") 
-- Using RMW implementation 'rmw_fastrtps_cpp' as default
-- Found rclcpp_action: 28.1.6 (/opt/ros/jazzy/share/rclcpp_action/cmake)
-- Found std_msgs: 5.3.5 (/opt/ros/jazzy/share/std_msgs/cmake)
-- Found sensor_msgs: 5.3.5 (/opt/ros/jazzy/share/sensor_msgs/cmake)
-- Found turtlebot4_msgs: 2.0.1 (/home/ranas/turtlebot4_navigation_urp/turtlebot4_ws/install/turtlebot4_msgs/share/turtlebot4_msgs/cmake)
-- Found ament_lint_auto: 0.17.1 (/opt/ros/jazzy/share/ament_lint_auto/cmake)
-- Added test 'cppcheck' to perform static code analysis on C / C++ code
-- Configured cppcheck include dirs: /home/ranas/turtlebot4_navigation_urp/turtlebot4_ws/src/turtlebot4_simulator/turtlebot4_gz_toolbox/include
-- Configured cppcheck exclude dirs and/or files: 
-- Added test 'cpplint' to check C / C++ code against the Google style
-- Configured cpplint exclude dirs and/or files: 
-- Added test 'lint_cmake' to check CMake code style
-- Added test 'uncrustify' to check C / C++ code style
-- Configured uncrustify additional arguments: 
-- Added test 'xmllint' to check XML markup files
-- Configuring done (1.8s)
-- Generating done (0.0s)
-- Build files have been written to: /home/ranas/turtlebot4_navigation_urp/turtlebot4_ws/build/turtlebot4_gz_toolbox
[ 20%] [32mBuilding CXX object CMakeFiles/turtlebot4_gz_toolbox_lib.dir/src/hmi_main.cpp.o[0m
[ 40%] [32mBuilding CXX object CMakeFiles/turtlebot4_gz_toolbox_lib.dir/src/hmi_node.cpp.o[0m
[ 60%] [32m[1mLinking CXX static library libturtlebot4_gz_toolbox_lib.a[0m
[ 60%] Built target turtlebot4_gz_toolbox_lib
[ 80%] [32mBuilding CXX object CMakeFiles/turtlebot4_gz_hmi_node.dir/src/hmi_main.cpp.o[0m
[100%] [32m[1mLinking CXX executable turtlebot4_gz_hmi_node[0m
[100%] Built target turtlebot4_gz_hmi_node
-- Install configuration: ""
-- Execute custom install script
-- Symlinking: /home/ranas/turtlebot4_navigation_urp/turtlebot4_ws/install/turtlebot4_gz_toolbox/lib/turtlebot4_gz_toolbox/turtlebot4_gz_hmi_node
-- Symlinking: /home/ranas/turtlebot4_navigation_urp/turtlebot4_ws/install/turtlebot4_gz_toolbox/share/ament_index/resource_index/package_run_dependencies/turtlebot4_gz_toolbox
-- Symlinking: /home/ranas/turtlebot4_navigation_urp/turtlebot4_ws/install/turtlebot4_gz_toolbox/share/ament_index/resource_index/parent_prefix_path/turtlebot4_gz_toolbox
-- Symlinking: /home/ranas/turtlebot4_navigation_urp/turtlebot4_ws/install/turtlebot4_gz_toolbox/share/turtlebot4_gz_toolbox/environment/ament_prefix_path.sh
-- Symlinking: /home/ranas/turtlebot4_navigation_urp/turtlebot4_ws/install/turtlebot4_gz_toolbox/share/turtlebot4_gz_toolbox/environment/ament_prefix_path.dsv
-- Symlinking: /home/ranas/turtlebot4_navigation_urp/turtlebot4_ws/install/turtlebot4_gz_toolbox/share/turtlebot4_gz_toolbox/environment/path.sh
-- Symlinking: /home/ranas/turtlebot4_navigation_urp/turtlebot4_ws/install/turtlebot4_gz_toolbox/share/turtlebot4_gz_toolbox/environment/path.dsv
-- Symlinking: /home/ranas/turtlebot4_navigation_urp/turtlebot4_ws/install/turtlebot4_gz_toolbox/share/turtlebot4_gz_toolbox/local_setup.bash
-- Symlinking: /home/ranas/turtlebot4_navigation_urp/turtlebot4_ws/install/turtlebot4_gz_toolbox/share/turtlebot4_gz_toolbox/local_setup.sh
-- Symlinking: /home/ranas/turtlebot4_navigation_urp/turtlebot4_ws/install/turtlebot4_gz_toolbox/share/turtlebot4_gz_toolbox/local_setup.zsh
-- Symlinking: /home/ranas/turtlebot4_navigation_urp/turtlebot4_ws/install/turtlebot4_gz_toolbox/share/turtlebot4_gz_toolbox/local_setup.dsv
-- Symlinking: /home/ranas/turtlebot4_navigation_urp/turtlebot4_ws/install/turtlebot4_gz_toolbox/share/turtlebot4_gz_toolbox/package.dsv
-- Symlinking: /home/ranas/turtlebot4_navigation_urp/turtlebot4_ws/install/turtlebot4_gz_toolbox/share/ament_index/resource_index/packages/turtlebot4_gz_toolbox
-- Symlinking: /home/ranas/turtlebot4_navigation_urp/turtlebot4_ws/install/turtlebot4_gz_toolbox/share/turtlebot4_gz_toolbox/cmake/ament_cmake_export_include_directories-extras.cmake
-- Symlinking: /home/ranas/turtlebot4_navigation_urp/turtlebot4_ws/install/turtlebot4_gz_toolbox/share/turtlebot4_gz_toolbox/cmake/turtlebot4_gz_toolboxConfig.cmake
-- Symlinking: /home/ranas/turtlebot4_navigation_urp/turtlebot4_ws/install/turtlebot4_gz_toolbox/share/turtlebot4_gz_toolbox/cmake/turtlebot4_gz_toolboxConfig-version.cmake
-- Symlinking: /home/ranas/turtlebot4_navigation_urp/turtlebot4_ws/install/turtlebot4_gz_toolbox/share/turtlebot4_gz_toolbox/package.xml
