-- The C compiler identification is GNU 13.3.0
-- The CXX compiler identification is GNU 13.3.0
-- Detecting C compiler ABI info
-- Detecting C compiler ABI info - done
-- Check for working C compiler: /usr/bin/cc - skipped
-- Detecting C compile features
-- Detecting C compile features - done
-- Detecting CXX compiler ABI info
-- Detecting CXX compiler ABI info - done
-- Check for working CXX compiler: /usr/bin/c++ - skipped
-- Detecting CXX compile features
-- Detecting CXX compile features - done
-- Found ament_cmake: 2.5.3 (/opt/ros/jazzy/share/ament_cmake/cmake)
-- Found Python3: /usr/bin/python3 (found version "3.12.3") found components: Interpreter 
-- Override CMake install command with custom implementation using symlinks instead of copying resources
-- Found rclcpp: 28.1.6 (/opt/ros/jazzy/share/rclcpp/cmake)
-- Found rosidl_generator_c: 4.6.5 (/opt/ros/jazzy/share/rosidl_generator_c/cmake)
-- Found rosidl_generator_cpp: 4.6.5 (/opt/ros/jazzy/share/rosidl_generator_cpp/cmake)
-- Using all available rosidl_typesupport_c: rosidl_typesupport_fastrtps_c;rosidl_typesupport_introspection_c
-- Using all available rosidl_typesupport_cpp: rosidl_typesupport_fastrtps_cpp;rosidl_typesupport_introspection_cpp
-- Found rmw_implementation_cmake: 7.3.1 (/opt/ros/jazzy/share/rmw_implementation_cmake/cmake)
-- Found rmw_fastrtps_cpp: 8.4.1 (/opt/ros/jazzy/share/rmw_fastrtps_cpp/cmake)
-- Found OpenSSL: /usr/lib/x86_64-linux-gnu/libcrypto.so (found version "3.0.13")  
-- Found FastRTPS: /opt/ros/jazzy/include (Required is at least version "2.13") 
-- Using RMW implementation 'rmw_fastrtps_cpp' as default
-- Found rclcpp_components: 28.1.6 (/opt/ros/jazzy/share/rclcpp_components/cmake)
-- Found sensor_msgs: 5.3.5 (/opt/ros/jazzy/share/sensor_msgs/cmake)
-- Found tf2: 0.36.8 (/opt/ros/jazzy/share/tf2/cmake)
-- Found tf2_ros: 0.36.8 (/opt/ros/jazzy/share/tf2_ros/cmake)
-- Found tf2_geometry_msgs: 0.36.8 (/opt/ros/jazzy/share/tf2_geometry_msgs/cmake)
-- Found eigen3_cmake_module: 0.3.0 (/opt/ros/jazzy/share/eigen3_cmake_module/cmake)
-- Found Eigen3: TRUE (found version "3.4.0") 
-- Ensuring Eigen3 include directory is part of orocos-kdl CMake target
-- Found nav2_common: 1.3.5 (/home/ranas/turtlebot4_navigation_urp/turtlebot4_ws/install/nav2_common/share/nav2_common/cmake)
-- Found nav2_util: 1.3.5 (/home/ranas/turtlebot4_navigation_urp/turtlebot4_ws/install/nav2_util/share/nav2_util/cmake)
-- Found nav2_costmap_2d: 1.3.5 (/home/ranas/turtlebot4_navigation_urp/turtlebot4_ws/install/nav2_costmap_2d/share/nav2_costmap_2d/cmake)
-- Setting build type to Release as none was specified.
-- Found ament_lint_auto: 0.17.1 (/opt/ros/jazzy/share/ament_lint_auto/cmake)
-- Found gtest sources under '/opt/ros/jazzy/src/gtest_vendor': C++ tests using 'Google Test' will be built
-- Performing Test CMAKE_HAVE_LIBC_PTHREAD
-- Performing Test CMAKE_HAVE_LIBC_PTHREAD - Success
-- Found Threads: TRUE  
-- Added test 'cppcheck' to perform static code analysis on C / C++ code
-- Configured cppcheck include dirs: /home/ranas/turtlebot4_navigation_urp/turtlebot4_ws/src/navigation2/nav2_collision_monitor/include
-- Configured cppcheck exclude dirs and/or files: 
-- Added test 'flake8' to check Python code syntax and style conventions
-- Configured 'flake8' exclude dirs and/or files: 
-- Added test 'lint_cmake' to check CMake code style
-- Added test 'pep257' to check Python code against some of the docstring style conventions in PEP 257
-- Added test 'uncrustify' to check C / C++ code style
-- Configured uncrustify additional arguments: 
-- Added test 'xmllint' to check XML markup files
-- Configuring done (2.8s)
-- Generating done (0.2s)
-- Build files have been written to: /home/ranas/turtlebot4_navigation_urp/turtlebot4_ws/build/nav2_collision_monitor
[  4%] [32mBuilding CXX object CMakeFiles/collision_monitor_core.dir/src/collision_monitor_node.cpp.o[0m
[  4%] [32mBuilding CXX object gtest/CMakeFiles/gtest_main.dir/src/gtest_main.cc.o[0m
[  7%] [32mBuilding CXX object CMakeFiles/collision_monitor_core.dir/src/polygon.cpp.o[0m
[  9%] [32mBuilding CXX object gtest/CMakeFiles/gtest.dir/src/gtest-all.cc.o[0m
[ 11%] [32mBuilding CXX object CMakeFiles/collision_detector_core.dir/src/collision_detector_node.cpp.o[0m
[ 16%] [32mBuilding CXX object CMakeFiles/collision_monitor_core.dir/src/velocity_polygon.cpp.o[0m
[ 14%] [32mBuilding CXX object CMakeFiles/collision_detector_core.dir/src/polygon.cpp.o[0m
[ 19%] [32mBuilding CXX object CMakeFiles/collision_monitor_core.dir/src/pointcloud.cpp.o[0m
[ 21%] [32mBuilding CXX object CMakeFiles/collision_detector_core.dir/src/circle.cpp.o[0m
[ 28%] [32mBuilding CXX object CMakeFiles/collision_monitor_core.dir/src/scan.cpp.o[0m
[ 28%] [32mBuilding CXX object CMakeFiles/collision_monitor_core.dir/src/circle.cpp.o[0m
[ 28%] [32mBuilding CXX object CMakeFiles/collision_detector_core.dir/src/velocity_polygon.cpp.o[0m
[ 30%] [32mBuilding CXX object CMakeFiles/collision_monitor_core.dir/src/source.cpp.o[0m
[ 33%] [32mBuilding CXX object CMakeFiles/collision_detector_core.dir/src/source.cpp.o[0m
[ 35%] [32mBuilding CXX object CMakeFiles/collision_detector_core.dir/src/pointcloud.cpp.o[0m
[ 38%] [32mBuilding CXX object CMakeFiles/collision_detector_core.dir/src/polygon_source.cpp.o[0m
[ 40%] [32mBuilding CXX object CMakeFiles/collision_monitor_core.dir/src/polygon_source.cpp.o[0m
[ 42%] [32mBuilding CXX object CMakeFiles/collision_monitor_core.dir/src/range.cpp.o[0m
[ 45%] [32mBuilding CXX object CMakeFiles/collision_detector_core.dir/src/range.cpp.o[0m
[ 50%] [32mBuilding CXX object CMakeFiles/collision_monitor_core.dir/src/kinematics.cpp.o[0m
[ 47%] [32mBuilding CXX object CMakeFiles/collision_detector_core.dir/src/scan.cpp.o[0m
[ 52%] [32mBuilding CXX object CMakeFiles/collision_detector_core.dir/src/kinematics.cpp.o[0m
[ 54%] [32m[1mLinking CXX static library libgtest_main.a[0m
[ 54%] Built target gtest_main
[ 57%] [32m[1mLinking CXX static library libgtest.a[0m
[ 57%] Built target gtest
[ 59%] [32m[1mLinking CXX shared library libcollision_detector_core.so[0m
[ 59%] Built target collision_detector_core
[ 61%] [32m[1mLinking CXX shared library libcollision_monitor_core.so[0m
[ 61%] Built target collision_monitor_core
[ 64%] [32mBuilding CXX object test/CMakeFiles/collision_detector_node_test.dir/collision_detector_node_test.cpp.o[0m
[ 66%] [32m[1mLinking CXX executable collision_detector_node_test[0m
[ 66%] Built target collision_detector_node_test
[ 69%] [32mBuilding CXX object test/CMakeFiles/collision_monitor_node_test.dir/collision_monitor_node_test.cpp.o[0m
[ 71%] [32mBuilding CXX object test/CMakeFiles/sources_test.dir/sources_test.cpp.o[0m
[ 73%] [32mBuilding CXX object test/CMakeFiles/polygons_test.dir/polygons_test.cpp.o[0m
[ 76%] [32mBuilding CXX object test/CMakeFiles/velocity_polygons_test.dir/velocity_polygons_test.cpp.o[0m
[ 78%] [32m[1mLinking CXX executable velocity_polygons_test[0m
[ 78%] Built target velocity_polygons_test
[ 80%] [32m[1mLinking CXX executable sources_test[0m
[ 80%] Built target sources_test
[ 83%] [32m[1mLinking CXX executable polygons_test[0m
[ 83%] Built target polygons_test
[ 85%] [32mBuilding CXX object test/CMakeFiles/kinematics_test.dir/kinematics_test.cpp.o[0m
[ 88%] [32mBuilding CXX object CMakeFiles/collision_monitor.dir/src/collision_monitor_main.cpp.o[0m
[ 90%] [32m[1mLinking CXX executable kinematics_test[0m
[ 90%] Built target kinematics_test
[ 92%] [32mBuilding CXX object CMakeFiles/collision_detector.dir/src/collision_detector_main.cpp.o[0m
[ 95%] [32m[1mLinking CXX executable collision_detector[0m
[ 95%] Built target collision_detector
[ 97%] [32m[1mLinking CXX executable collision_monitor[0m
[ 97%] Built target collision_monitor
[100%] [32m[1mLinking CXX executable collision_monitor_node_test[0m
[100%] Built target collision_monitor_node_test
-- Install configuration: "Release"
-- Execute custom install script
-- Symlinking: /home/ranas/turtlebot4_navigation_urp/turtlebot4_ws/install/nav2_collision_monitor/lib/libcollision_monitor_core.so
-- Symlinking: /home/ranas/turtlebot4_navigation_urp/turtlebot4_ws/install/nav2_collision_monitor/lib/libcollision_detector_core.so
-- Symlinking: /home/ranas/turtlebot4_navigation_urp/turtlebot4_ws/install/nav2_collision_monitor/lib/nav2_collision_monitor/collision_monitor
-- Symlinking: /home/ranas/turtlebot4_navigation_urp/turtlebot4_ws/install/nav2_collision_monitor/lib/nav2_collision_monitor/collision_detector
-- Symlinking: /home/ranas/turtlebot4_navigation_urp/turtlebot4_ws/install/nav2_collision_monitor/include//nav2_collision_monitor/circle.hpp
-- Symlinking: /home/ranas/turtlebot4_navigation_urp/turtlebot4_ws/install/nav2_collision_monitor/include//nav2_collision_monitor/collision_detector_node.hpp
-- Symlinking: /home/ranas/turtlebot4_navigation_urp/turtlebot4_ws/install/nav2_collision_monitor/include//nav2_collision_monitor/collision_monitor_node.hpp
-- Symlinking: /home/ranas/turtlebot4_navigation_urp/turtlebot4_ws/install/nav2_collision_monitor/include//nav2_collision_monitor/kinematics.hpp
-- Symlinking: /home/ranas/turtlebot4_navigation_urp/turtlebot4_ws/install/nav2_collision_monitor/include//nav2_collision_monitor/pointcloud.hpp
-- Symlinking: /home/ranas/turtlebot4_navigation_urp/turtlebot4_ws/install/nav2_collision_monitor/include//nav2_collision_monitor/polygon.hpp
-- Symlinking: /home/ranas/turtlebot4_navigation_urp/turtlebot4_ws/install/nav2_collision_monitor/include//nav2_collision_monitor/polygon_source.hpp
-- Symlinking: /home/ranas/turtlebot4_navigation_urp/turtlebot4_ws/install/nav2_collision_monitor/include//nav2_collision_monitor/range.hpp
-- Symlinking: /home/ranas/turtlebot4_navigation_urp/turtlebot4_ws/install/nav2_collision_monitor/include//nav2_collision_monitor/scan.hpp
-- Symlinking: /home/ranas/turtlebot4_navigation_urp/turtlebot4_ws/install/nav2_collision_monitor/include//nav2_collision_monitor/source.hpp
-- Symlinking: /home/ranas/turtlebot4_navigation_urp/turtlebot4_ws/install/nav2_collision_monitor/include//nav2_collision_monitor/types.hpp
-- Symlinking: /home/ranas/turtlebot4_navigation_urp/turtlebot4_ws/install/nav2_collision_monitor/include//nav2_collision_monitor/velocity_polygon.hpp
-- Symlinking: /home/ranas/turtlebot4_navigation_urp/turtlebot4_ws/install/nav2_collision_monitor/share/nav2_collision_monitor/launch/collision_detector_node.launch.py
-- Symlinking: /home/ranas/turtlebot4_navigation_urp/turtlebot4_ws/install/nav2_collision_monitor/share/nav2_collision_monitor/launch/collision_monitor_node.launch.py
-- Symlinking: /home/ranas/turtlebot4_navigation_urp/turtlebot4_ws/install/nav2_collision_monitor/share/nav2_collision_monitor/params/collision_detector_params.yaml
-- Symlinking: /home/ranas/turtlebot4_navigation_urp/turtlebot4_ws/install/nav2_collision_monitor/share/nav2_collision_monitor/params/collision_monitor_params.yaml
-- Symlinking: /home/ranas/turtlebot4_navigation_urp/turtlebot4_ws/install/nav2_collision_monitor/share/nav2_collision_monitor/environment/library_path.sh
-- Symlinking: /home/ranas/turtlebot4_navigation_urp/turtlebot4_ws/install/nav2_collision_monitor/share/nav2_collision_monitor/environment/library_path.dsv
-- Symlinking: /home/ranas/turtlebot4_navigation_urp/turtlebot4_ws/install/nav2_collision_monitor/share/ament_index/resource_index/package_run_dependencies/nav2_collision_monitor
-- Symlinking: /home/ranas/turtlebot4_navigation_urp/turtlebot4_ws/install/nav2_collision_monitor/share/ament_index/resource_index/parent_prefix_path/nav2_collision_monitor
-- Symlinking: /home/ranas/turtlebot4_navigation_urp/turtlebot4_ws/install/nav2_collision_monitor/share/nav2_collision_monitor/environment/ament_prefix_path.sh
-- Symlinking: /home/ranas/turtlebot4_navigation_urp/turtlebot4_ws/install/nav2_collision_monitor/share/nav2_collision_monitor/environment/ament_prefix_path.dsv
-- Symlinking: /home/ranas/turtlebot4_navigation_urp/turtlebot4_ws/install/nav2_collision_monitor/share/nav2_collision_monitor/environment/path.sh
-- Symlinking: /home/ranas/turtlebot4_navigation_urp/turtlebot4_ws/install/nav2_collision_monitor/share/nav2_collision_monitor/environment/path.dsv
-- Symlinking: /home/ranas/turtlebot4_navigation_urp/turtlebot4_ws/install/nav2_collision_monitor/share/nav2_collision_monitor/local_setup.bash
-- Symlinking: /home/ranas/turtlebot4_navigation_urp/turtlebot4_ws/install/nav2_collision_monitor/share/nav2_collision_monitor/local_setup.sh
-- Symlinking: /home/ranas/turtlebot4_navigation_urp/turtlebot4_ws/install/nav2_collision_monitor/share/nav2_collision_monitor/local_setup.zsh
-- Symlinking: /home/ranas/turtlebot4_navigation_urp/turtlebot4_ws/install/nav2_collision_monitor/share/nav2_collision_monitor/local_setup.dsv
-- Symlinking: /home/ranas/turtlebot4_navigation_urp/turtlebot4_ws/install/nav2_collision_monitor/share/nav2_collision_monitor/package.dsv
-- Symlinking: /home/ranas/turtlebot4_navigation_urp/turtlebot4_ws/install/nav2_collision_monitor/share/ament_index/resource_index/packages/nav2_collision_monitor
-- Symlinking: /home/ranas/turtlebot4_navigation_urp/turtlebot4_ws/install/nav2_collision_monitor/share/ament_index/resource_index/rclcpp_components/nav2_collision_monitor
-- Symlinking: /home/ranas/turtlebot4_navigation_urp/turtlebot4_ws/install/nav2_collision_monitor/share/nav2_collision_monitor/cmake/ament_cmake_export_include_directories-extras.cmake
-- Symlinking: /home/ranas/turtlebot4_navigation_urp/turtlebot4_ws/install/nav2_collision_monitor/share/nav2_collision_monitor/cmake/ament_cmake_export_libraries-extras.cmake
-- Symlinking: /home/ranas/turtlebot4_navigation_urp/turtlebot4_ws/install/nav2_collision_monitor/share/nav2_collision_monitor/cmake/ament_cmake_export_dependencies-extras.cmake
-- Symlinking: /home/ranas/turtlebot4_navigation_urp/turtlebot4_ws/install/nav2_collision_monitor/share/nav2_collision_monitor/cmake/nav2_collision_monitorConfig.cmake
-- Symlinking: /home/ranas/turtlebot4_navigation_urp/turtlebot4_ws/install/nav2_collision_monitor/share/nav2_collision_monitor/cmake/nav2_collision_monitorConfig-version.cmake
-- Symlinking: /home/ranas/turtlebot4_navigation_urp/turtlebot4_ws/install/nav2_collision_monitor/share/nav2_collision_monitor/package.xml
