/home/ranas/turtlebot4_ws/src/install/turtlebot4_python_tutorials/lib/python3.12/site-packages/turtlebot4_python_tutorials/__init__.py
/home/ranas/turtlebot4_ws/src/install/turtlebot4_python_tutorials/lib/python3.12/site-packages/turtlebot4_python_tutorials/turtlebot4_first_python_node.py
/home/ranas/turtlebot4_ws/src/install/turtlebot4_python_tutorials/lib/python3.12/site-packages/turtlebot4_python_tutorials/follow_waypoints.py
/home/ranas/turtlebot4_ws/src/install/turtlebot4_python_tutorials/lib/python3.12/site-packages/turtlebot4_python_tutorials/nav_to_pose.py
/home/ranas/turtlebot4_ws/src/install/turtlebot4_python_tutorials/lib/python3.12/site-packages/turtlebot4_python_tutorials/create_path.py
/home/ranas/turtlebot4_ws/src/install/turtlebot4_python_tutorials/lib/python3.12/site-packages/turtlebot4_python_tutorials/nav_through_poses.py
/home/ranas/turtlebot4_ws/src/install/turtlebot4_python_tutorials/lib/python3.12/site-packages/turtlebot4_python_tutorials/mail_delivery.py
/home/ranas/turtlebot4_ws/src/install/turtlebot4_python_tutorials/lib/python3.12/site-packages/turtlebot4_python_tutorials/patrol_loop.py
/home/ranas/turtlebot4_ws/src/install/turtlebot4_python_tutorials/lib/python3.12/site-packages/turtlebot4_python_tutorials/__pycache__/__init__.cpython-312.pyc
/home/ranas/turtlebot4_ws/src/install/turtlebot4_python_tutorials/lib/python3.12/site-packages/turtlebot4_python_tutorials/__pycache__/turtlebot4_first_python_node.cpython-312.pyc
/home/ranas/turtlebot4_ws/src/install/turtlebot4_python_tutorials/lib/python3.12/site-packages/turtlebot4_python_tutorials/__pycache__/follow_waypoints.cpython-312.pyc
/home/ranas/turtlebot4_ws/src/install/turtlebot4_python_tutorials/lib/python3.12/site-packages/turtlebot4_python_tutorials/__pycache__/nav_to_pose.cpython-312.pyc
/home/ranas/turtlebot4_ws/src/install/turtlebot4_python_tutorials/lib/python3.12/site-packages/turtlebot4_python_tutorials/__pycache__/create_path.cpython-312.pyc
/home/ranas/turtlebot4_ws/src/install/turtlebot4_python_tutorials/lib/python3.12/site-packages/turtlebot4_python_tutorials/__pycache__/nav_through_poses.cpython-312.pyc
/home/ranas/turtlebot4_ws/src/install/turtlebot4_python_tutorials/lib/python3.12/site-packages/turtlebot4_python_tutorials/__pycache__/mail_delivery.cpython-312.pyc
/home/ranas/turtlebot4_ws/src/install/turtlebot4_python_tutorials/lib/python3.12/site-packages/turtlebot4_python_tutorials/__pycache__/patrol_loop.cpython-312.pyc
/home/ranas/turtlebot4_ws/src/install/turtlebot4_python_tutorials/share/ament_index/resource_index/packages/turtlebot4_python_tutorials
/home/ranas/turtlebot4_ws/src/install/turtlebot4_python_tutorials/share/turtlebot4_python_tutorials/package.xml
/home/ranas/turtlebot4_ws/src/install/turtlebot4_python_tutorials/lib/python3.12/site-packages/turtlebot4_python_tutorials-1.0.1-py3.12.egg-info/SOURCES.txt
/home/ranas/turtlebot4_ws/src/install/turtlebot4_python_tutorials/lib/python3.12/site-packages/turtlebot4_python_tutorials-1.0.1-py3.12.egg-info/dependency_links.txt
/home/ranas/turtlebot4_ws/src/install/turtlebot4_python_tutorials/lib/python3.12/site-packages/turtlebot4_python_tutorials-1.0.1-py3.12.egg-info/PKG-INFO
/home/ranas/turtlebot4_ws/src/install/turtlebot4_python_tutorials/lib/python3.12/site-packages/turtlebot4_python_tutorials-1.0.1-py3.12.egg-info/top_level.txt
/home/ranas/turtlebot4_ws/src/install/turtlebot4_python_tutorials/lib/python3.12/site-packages/turtlebot4_python_tutorials-1.0.1-py3.12.egg-info/requires.txt
/home/ranas/turtlebot4_ws/src/install/turtlebot4_python_tutorials/lib/python3.12/site-packages/turtlebot4_python_tutorials-1.0.1-py3.12.egg-info/zip-safe
/home/ranas/turtlebot4_ws/src/install/turtlebot4_python_tutorials/lib/python3.12/site-packages/turtlebot4_python_tutorials-1.0.1-py3.12.egg-info/entry_points.txt
/home/ranas/turtlebot4_ws/src/install/turtlebot4_python_tutorials/lib/turtlebot4_python_tutorials/create_path
/home/ranas/turtlebot4_ws/src/install/turtlebot4_python_tutorials/lib/turtlebot4_python_tutorials/follow_waypoints
/home/ranas/turtlebot4_ws/src/install/turtlebot4_python_tutorials/lib/turtlebot4_python_tutorials/mail_delivery
/home/ranas/turtlebot4_ws/src/install/turtlebot4_python_tutorials/lib/turtlebot4_python_tutorials/nav_through_poses
/home/ranas/turtlebot4_ws/src/install/turtlebot4_python_tutorials/lib/turtlebot4_python_tutorials/nav_to_pose
/home/ranas/turtlebot4_ws/src/install/turtlebot4_python_tutorials/lib/turtlebot4_python_tutorials/patrol_loop
/home/ranas/turtlebot4_ws/src/install/turtlebot4_python_tutorials/lib/turtlebot4_python_tutorials/turtlebot4_first_python_node
