-- The C compiler identification is GNU 13.3.0
-- The CXX compiler identification is GNU 13.3.0
-- Detecting C compiler ABI info
-- Detecting C compiler ABI info - done
-- Check for working C compiler: /usr/bin/cc - skipped
-- Detecting C compile features
-- Detecting C compile features - done
-- Detecting CXX compiler ABI info
-- Detecting CXX compiler ABI info - done
-- Check for working CXX compiler: /usr/bin/c++ - skipped
-- Detecting CXX compile features
-- Detecting CXX compile features - done
-- Found ament_cmake: 2.5.3 (/opt/ros/jazzy/share/ament_cmake/cmake)
-- Found Python3: /usr/bin/python3 (found version "3.12.3") found components: Interpreter 
-- Override CMake install command with custom implementation using symlinks instead of copying resources
-- Found nav2_common: 1.3.5 (/home/ranas/turtlebot4_navigation_urp/turtlebot4_ws/install/nav2_common/share/nav2_common/cmake)
-- Found rclcpp: 28.1.6 (/opt/ros/jazzy/share/rclcpp/cmake)
-- Found rosidl_generator_c: 4.6.5 (/opt/ros/jazzy/share/rosidl_generator_c/cmake)
-- Found rosidl_generator_cpp: 4.6.5 (/opt/ros/jazzy/share/rosidl_generator_cpp/cmake)
-- Using all available rosidl_typesupport_c: rosidl_typesupport_fastrtps_c;rosidl_typesupport_introspection_c
-- Using all available rosidl_typesupport_cpp: rosidl_typesupport_fastrtps_cpp;rosidl_typesupport_introspection_cpp
-- Found rmw_implementation_cmake: 7.3.1 (/opt/ros/jazzy/share/rmw_implementation_cmake/cmake)
-- Found rmw_fastrtps_cpp: 8.4.1 (/opt/ros/jazzy/share/rmw_fastrtps_cpp/cmake)
-- Found OpenSSL: /usr/lib/x86_64-linux-gnu/libcrypto.so (found version "3.0.13")  
-- Found FastRTPS: /opt/ros/jazzy/include (Required is at least version "2.13") 
-- Using RMW implementation 'rmw_fastrtps_cpp' as default
-- Found rclcpp_action: 28.1.6 (/opt/ros/jazzy/share/rclcpp_action/cmake)
-- Found rclcpp_lifecycle: 28.1.6 (/opt/ros/jazzy/share/rclcpp_lifecycle/cmake)
-- Found rclcpp_components: 28.1.6 (/opt/ros/jazzy/share/rclcpp_components/cmake)
-- Found std_msgs: 5.3.5 (/opt/ros/jazzy/share/std_msgs/cmake)
-- Found nav2_behavior_tree: 1.3.5 (/home/ranas/turtlebot4_navigation_urp/turtlebot4_ws/install/nav2_behavior_tree/share/nav2_behavior_tree/cmake)
-- Found eigen3_cmake_module: 0.3.0 (/opt/ros/jazzy/share/eigen3_cmake_module/cmake)
-- Found Eigen3: TRUE (found version "3.4.0") 
-- Ensuring Eigen3 include directory is part of orocos-kdl CMake target
-- Found nav2_costmap_2d: 1.3.5 (/home/ranas/turtlebot4_navigation_urp/turtlebot4_ws/install/nav2_costmap_2d/share/nav2_costmap_2d/cmake)
-- Found nav2_core: 1.3.5 (/home/ranas/turtlebot4_navigation_urp/turtlebot4_ws/install/nav2_core/share/nav2_core/cmake)
-- Setting build type to Release as none was specified.
-- Found ament_lint_auto: 0.17.1 (/opt/ros/jazzy/share/ament_lint_auto/cmake)
-- Found gtest sources under '/opt/ros/jazzy/src/gtest_vendor': C++ tests using 'Google Test' will be built
-- Performing Test CMAKE_HAVE_LIBC_PTHREAD
-- Performing Test CMAKE_HAVE_LIBC_PTHREAD - Success
-- Found Threads: TRUE  
-- Added test 'copyright' to check source files copyright and LICENSE
-- Added test 'cppcheck' to perform static code analysis on C / C++ code
-- Configured cppcheck include dirs: /home/ranas/turtlebot4_navigation_urp/turtlebot4_ws/src/navigation2/nav2_behaviors/include
-- Configured cppcheck exclude dirs and/or files: 
-- Added test 'cpplint' to check C / C++ code against the Google style
-- Configured cpplint exclude dirs and/or files: 
-- Added test 'lint_cmake' to check CMake code style
-- Added test 'uncrustify' to check C / C++ code style
-- Configured uncrustify additional arguments: 
-- Added test 'xmllint' to check XML markup files
-- Configuring done (21.0s)
-- Generating done (1.6s)
-- Build files have been written to: /home/ranas/turtlebot4_navigation_urp/turtlebot4_ws/build/nav2_behaviors
[  5%] [32mBuilding CXX object CMakeFiles/nav2_spin_behavior.dir/plugins/spin.cpp.o[0m
[ 10%] [32m[1mLinking CXX shared library libnav2_spin_behavior.so[0m
[ 10%] Built target nav2_spin_behavior
[ 15%] [32mBuilding CXX object gtest/CMakeFiles/gtest.dir/src/gtest-all.cc.o[0m
[ 20%] [32m[1mLinking CXX static library libgtest.a[0m
[ 20%] Built target gtest
[ 25%] [32mBuilding CXX object gtest/CMakeFiles/gtest_main.dir/src/gtest_main.cc.o[0m
[ 30%] [32m[1mLinking CXX static library libgtest_main.a[0m
[ 30%] Built target gtest_main
[ 35%] [32mBuilding CXX object CMakeFiles/behavior_server_core.dir/src/behavior_server.cpp.o[0m
[ 40%] [32m[1mLinking CXX shared library libbehavior_server_core.so[0m
[ 40%] Built target behavior_server_core
[ 45%] [32mBuilding CXX object test/CMakeFiles/test_behaviors.dir/test_behaviors.cpp.o[0m
[ 50%] [32mBuilding CXX object CMakeFiles/nav2_back_up_behavior.dir/plugins/back_up.cpp.o[0m
[ 55%] [32mBuilding CXX object CMakeFiles/nav2_drive_on_heading_behavior.dir/plugins/drive_on_heading.cpp.o[0m
[ 60%] [32mBuilding CXX object CMakeFiles/nav2_assisted_teleop_behavior.dir/plugins/assisted_teleop.cpp.o[0m
[ 65%] [32m[1mLinking CXX shared library libnav2_back_up_behavior.so[0m
[ 65%] Built target nav2_back_up_behavior
[ 70%] [32m[1mLinking CXX shared library libnav2_drive_on_heading_behavior.so[0m
[ 70%] Built target nav2_drive_on_heading_behavior
[ 75%] [32mBuilding CXX object CMakeFiles/behavior_server.dir/src/main.cpp.o[0m
[ 80%] [32mBuilding CXX object CMakeFiles/nav2_wait_behavior.dir/plugins/wait.cpp.o[0m
[ 85%] [32m[1mLinking CXX executable test_behaviors[0m
[ 85%] Built target test_behaviors
[ 90%] [32m[1mLinking CXX shared library libnav2_assisted_teleop_behavior.so[0m
[ 90%] Built target nav2_assisted_teleop_behavior
[ 95%] [32m[1mLinking CXX executable behavior_server[0m
[ 95%] Built target behavior_server
[100%] [32m[1mLinking CXX shared library libnav2_wait_behavior.so[0m
[100%] Built target nav2_wait_behavior
-- Install configuration: "Release"
-- Execute custom install script
-- Symlinking: /home/ranas/turtlebot4_navigation_urp/turtlebot4_ws/install/nav2_behaviors/share/nav2_behaviors//behavior_plugin.xml
-- Symlinking: /home/ranas/turtlebot4_navigation_urp/turtlebot4_ws/install/nav2_behaviors/lib/libbehavior_server_core.so
-- Symlinking: /home/ranas/turtlebot4_navigation_urp/turtlebot4_ws/install/nav2_behaviors/lib/libnav2_spin_behavior.so
-- Symlinking: /home/ranas/turtlebot4_navigation_urp/turtlebot4_ws/install/nav2_behaviors/lib/libnav2_wait_behavior.so
-- Symlinking: /home/ranas/turtlebot4_navigation_urp/turtlebot4_ws/install/nav2_behaviors/lib/libnav2_assisted_teleop_behavior.so
-- Symlinking: /home/ranas/turtlebot4_navigation_urp/turtlebot4_ws/install/nav2_behaviors/lib/libnav2_drive_on_heading_behavior.so
-- Symlinking: /home/ranas/turtlebot4_navigation_urp/turtlebot4_ws/install/nav2_behaviors/lib/libnav2_back_up_behavior.so
-- Symlinking: /home/ranas/turtlebot4_navigation_urp/turtlebot4_ws/install/nav2_behaviors/lib/nav2_behaviors/behavior_server
-- Symlinking: /home/ranas/turtlebot4_navigation_urp/turtlebot4_ws/install/nav2_behaviors/include//nav2_behaviors/behavior_server.hpp
-- Symlinking: /home/ranas/turtlebot4_navigation_urp/turtlebot4_ws/install/nav2_behaviors/include//nav2_behaviors/plugins/assisted_teleop.hpp
-- Symlinking: /home/ranas/turtlebot4_navigation_urp/turtlebot4_ws/install/nav2_behaviors/include//nav2_behaviors/plugins/back_up.hpp
-- Symlinking: /home/ranas/turtlebot4_navigation_urp/turtlebot4_ws/install/nav2_behaviors/include//nav2_behaviors/plugins/drive_on_heading.hpp
-- Symlinking: /home/ranas/turtlebot4_navigation_urp/turtlebot4_ws/install/nav2_behaviors/include//nav2_behaviors/plugins/spin.hpp
-- Symlinking: /home/ranas/turtlebot4_navigation_urp/turtlebot4_ws/install/nav2_behaviors/include//nav2_behaviors/plugins/wait.hpp
-- Symlinking: /home/ranas/turtlebot4_navigation_urp/turtlebot4_ws/install/nav2_behaviors/include//nav2_behaviors/timed_behavior.hpp
-- Up-to-date symlink: /home/ranas/turtlebot4_navigation_urp/turtlebot4_ws/install/nav2_behaviors/share/nav2_behaviors/behavior_plugin.xml
-- Symlinking: /home/ranas/turtlebot4_navigation_urp/turtlebot4_ws/install/nav2_behaviors/share/nav2_behaviors/plugins//assisted_teleop.cpp
-- Symlinking: /home/ranas/turtlebot4_navigation_urp/turtlebot4_ws/install/nav2_behaviors/share/nav2_behaviors/plugins//back_up.cpp
-- Symlinking: /home/ranas/turtlebot4_navigation_urp/turtlebot4_ws/install/nav2_behaviors/share/nav2_behaviors/plugins//drive_on_heading.cpp
-- Symlinking: /home/ranas/turtlebot4_navigation_urp/turtlebot4_ws/install/nav2_behaviors/share/nav2_behaviors/plugins//spin.cpp
-- Symlinking: /home/ranas/turtlebot4_navigation_urp/turtlebot4_ws/install/nav2_behaviors/share/nav2_behaviors/plugins//wait.cpp
-- Symlinking: /home/ranas/turtlebot4_navigation_urp/turtlebot4_ws/install/nav2_behaviors/share/nav2_behaviors/environment/library_path.sh
-- Symlinking: /home/ranas/turtlebot4_navigation_urp/turtlebot4_ws/install/nav2_behaviors/share/nav2_behaviors/environment/library_path.dsv
-- Symlinking: /home/ranas/turtlebot4_navigation_urp/turtlebot4_ws/install/nav2_behaviors/share/ament_index/resource_index/package_run_dependencies/nav2_behaviors
-- Symlinking: /home/ranas/turtlebot4_navigation_urp/turtlebot4_ws/install/nav2_behaviors/share/ament_index/resource_index/parent_prefix_path/nav2_behaviors
-- Symlinking: /home/ranas/turtlebot4_navigation_urp/turtlebot4_ws/install/nav2_behaviors/share/nav2_behaviors/environment/ament_prefix_path.sh
-- Symlinking: /home/ranas/turtlebot4_navigation_urp/turtlebot4_ws/install/nav2_behaviors/share/nav2_behaviors/environment/ament_prefix_path.dsv
-- Symlinking: /home/ranas/turtlebot4_navigation_urp/turtlebot4_ws/install/nav2_behaviors/share/nav2_behaviors/environment/path.sh
-- Symlinking: /home/ranas/turtlebot4_navigation_urp/turtlebot4_ws/install/nav2_behaviors/share/nav2_behaviors/environment/path.dsv
-- Symlinking: /home/ranas/turtlebot4_navigation_urp/turtlebot4_ws/install/nav2_behaviors/share/nav2_behaviors/local_setup.bash
-- Symlinking: /home/ranas/turtlebot4_navigation_urp/turtlebot4_ws/install/nav2_behaviors/share/nav2_behaviors/local_setup.sh
-- Symlinking: /home/ranas/turtlebot4_navigation_urp/turtlebot4_ws/install/nav2_behaviors/share/nav2_behaviors/local_setup.zsh
-- Symlinking: /home/ranas/turtlebot4_navigation_urp/turtlebot4_ws/install/nav2_behaviors/share/nav2_behaviors/local_setup.dsv
-- Symlinking: /home/ranas/turtlebot4_navigation_urp/turtlebot4_ws/install/nav2_behaviors/share/nav2_behaviors/package.dsv
-- Symlinking: /home/ranas/turtlebot4_navigation_urp/turtlebot4_ws/install/nav2_behaviors/share/ament_index/resource_index/packages/nav2_behaviors
-- Symlinking: /home/ranas/turtlebot4_navigation_urp/turtlebot4_ws/install/nav2_behaviors/share/ament_index/resource_index/nav2_core__pluginlib__plugin/nav2_behaviors
-- Symlinking: /home/ranas/turtlebot4_navigation_urp/turtlebot4_ws/install/nav2_behaviors/share/ament_index/resource_index/rclcpp_components/nav2_behaviors
-- Symlinking: /home/ranas/turtlebot4_navigation_urp/turtlebot4_ws/install/nav2_behaviors/share/nav2_behaviors/cmake/ament_cmake_export_include_directories-extras.cmake
-- Symlinking: /home/ranas/turtlebot4_navigation_urp/turtlebot4_ws/install/nav2_behaviors/share/nav2_behaviors/cmake/ament_cmake_export_libraries-extras.cmake
-- Symlinking: /home/ranas/turtlebot4_navigation_urp/turtlebot4_ws/install/nav2_behaviors/share/nav2_behaviors/cmake/ament_cmake_export_dependencies-extras.cmake
-- Symlinking: /home/ranas/turtlebot4_navigation_urp/turtlebot4_ws/install/nav2_behaviors/share/nav2_behaviors/cmake/nav2_behaviorsConfig.cmake
-- Symlinking: /home/ranas/turtlebot4_navigation_urp/turtlebot4_ws/install/nav2_behaviors/share/nav2_behaviors/cmake/nav2_behaviorsConfig-version.cmake
-- Symlinking: /home/ranas/turtlebot4_navigation_urp/turtlebot4_ws/install/nav2_behaviors/share/nav2_behaviors/package.xml
