[2.057s] Invoking command in '/home/ranas/turtlebot4_ws/src/navigation2/nav2_loopback_sim': DEBUGINFOD_URLS=https://debuginfod.ubuntu.com PYTHONPATH=/home/ranas/turtlebot4_ws/src/build/nav2_loopback_sim/prefix_override:/usr/lib/python3/dist-packages/colcon_core/task/python/colcon_distutils_commands:/home/ranas/turtlebot4_ws/src/install/nav2_loopback_sim/lib/python3.12/site-packages:${PYTHONPATH} /usr/bin/python3 -W ignore:setup.py install is deprecated -W ignore:easy_install command is deprecated setup.py egg_info --egg-base ../../build/nav2_loopback_sim build --build-base /home/ranas/turtlebot4_ws/src/build/nav2_loopback_sim/build install --record /home/ranas/turtlebot4_ws/src/build/nav2_loopback_sim/install.log --single-version-externally-managed install_data
[2.354s] running egg_info
[2.354s] creating ../../build/nav2_loopback_sim/nav2_loopback_sim.egg-info
[2.373s] writing ../../build/nav2_loopback_sim/nav2_loopback_sim.egg-info/PKG-INFO
[2.373s] writing dependency_links to ../../build/nav2_loopback_sim/nav2_loopback_sim.egg-info/dependency_links.txt
[2.373s] writing entry points to ../../build/nav2_loopback_sim/nav2_loopback_sim.egg-info/entry_points.txt
[2.374s] writing requirements to ../../build/nav2_loopback_sim/nav2_loopback_sim.egg-info/requires.txt
[2.374s] writing top-level names to ../../build/nav2_loopback_sim/nav2_loopback_sim.egg-info/top_level.txt
[2.374s] writing manifest file '../../build/nav2_loopback_sim/nav2_loopback_sim.egg-info/SOURCES.txt'
[2.413s] reading manifest file '../../build/nav2_loopback_sim/nav2_loopback_sim.egg-info/SOURCES.txt'
[2.414s] writing manifest file '../../build/nav2_loopback_sim/nav2_loopback_sim.egg-info/SOURCES.txt'
[2.414s] running build
[2.414s] running build_py
[2.414s] creating /home/ranas/turtlebot4_ws/src/build/nav2_loopback_sim/build
[2.414s] creating /home/ranas/turtlebot4_ws/src/build/nav2_loopback_sim/build/lib
[2.414s] creating /home/ranas/turtlebot4_ws/src/build/nav2_loopback_sim/build/lib/nav2_loopback_sim
[2.415s] copying nav2_loopback_sim/utils.py -> /home/ranas/turtlebot4_ws/src/build/nav2_loopback_sim/build/lib/nav2_loopback_sim
[2.415s] copying nav2_loopback_sim/loopback_simulator.py -> /home/ranas/turtlebot4_ws/src/build/nav2_loopback_sim/build/lib/nav2_loopback_sim
[2.415s] running install
[2.422s] running install_lib
[2.441s] creating /home/ranas/turtlebot4_ws/src/install/nav2_loopback_sim/lib/python3.12/site-packages/nav2_loopback_sim
[2.441s] copying /home/ranas/turtlebot4_ws/src/build/nav2_loopback_sim/build/lib/nav2_loopback_sim/utils.py -> /home/ranas/turtlebot4_ws/src/install/nav2_loopback_sim/lib/python3.12/site-packages/nav2_loopback_sim
[2.442s] copying /home/ranas/turtlebot4_ws/src/build/nav2_loopback_sim/build/lib/nav2_loopback_sim/loopback_simulator.py -> /home/ranas/turtlebot4_ws/src/install/nav2_loopback_sim/lib/python3.12/site-packages/nav2_loopback_sim
[2.442s] byte-compiling /home/ranas/turtlebot4_ws/src/install/nav2_loopback_sim/lib/python3.12/site-packages/nav2_loopback_sim/utils.py to utils.cpython-312.pyc
[2.443s] byte-compiling /home/ranas/turtlebot4_ws/src/install/nav2_loopback_sim/lib/python3.12/site-packages/nav2_loopback_sim/loopback_simulator.py to loopback_simulator.cpython-312.pyc
[2.446s] running install_data
[2.446s] creating /home/ranas/turtlebot4_ws/src/install/nav2_loopback_sim/share/ament_index
[2.447s] creating /home/ranas/turtlebot4_ws/src/install/nav2_loopback_sim/share/ament_index/resource_index
[2.447s] creating /home/ranas/turtlebot4_ws/src/install/nav2_loopback_sim/share/ament_index/resource_index/packages
[2.447s] copying resource/nav2_loopback_sim -> /home/ranas/turtlebot4_ws/src/install/nav2_loopback_sim/share/ament_index/resource_index/packages
[2.447s] copying package.xml -> /home/ranas/turtlebot4_ws/src/install/nav2_loopback_sim/share/nav2_loopback_sim
[2.447s] copying launch/loopback_simulation.launch.py -> /home/ranas/turtlebot4_ws/src/install/nav2_loopback_sim/share/nav2_loopback_sim
[2.447s] running install_egg_info
[2.468s] Copying ../../build/nav2_loopback_sim/nav2_loopback_sim.egg-info to /home/ranas/turtlebot4_ws/src/install/nav2_loopback_sim/lib/python3.12/site-packages/nav2_loopback_sim-1.0.0-py3.12.egg-info
[2.468s] running install_scripts
[2.610s] Installing loopback_simulator script to /home/ranas/turtlebot4_ws/src/install/nav2_loopback_sim/lib/nav2_loopback_sim
[2.610s] writing list of installed files to '/home/ranas/turtlebot4_ws/src/build/nav2_loopback_sim/install.log'
[2.649s] Invoked command in '/home/ranas/turtlebot4_ws/src/navigation2/nav2_loopback_sim' returned '0': DEBUGINFOD_URLS=https://debuginfod.ubuntu.com PYTHONPATH=/home/ranas/turtlebot4_ws/src/build/nav2_loopback_sim/prefix_override:/usr/lib/python3/dist-packages/colcon_core/task/python/colcon_distutils_commands:/home/ranas/turtlebot4_ws/src/install/nav2_loopback_sim/lib/python3.12/site-packages:${PYTHONPATH} /usr/bin/python3 -W ignore:setup.py install is deprecated -W ignore:easy_install command is deprecated setup.py egg_info --egg-base ../../build/nav2_loopback_sim build --build-base /home/ranas/turtlebot4_ws/src/build/nav2_loopback_sim/build install --record /home/ranas/turtlebot4_ws/src/build/nav2_loopback_sim/install.log --single-version-externally-managed install_data
