running egg_info
creating ../../build/turtlebot4_python_tutorials/turtlebot4_python_tutorials.egg-info
writing ../../build/turtlebot4_python_tutorials/turtlebot4_python_tutorials.egg-info/PKG-INFO
writing dependency_links to ../../build/turtlebot4_python_tutorials/turtlebot4_python_tutorials.egg-info/dependency_links.txt
writing entry points to ../../build/turtlebot4_python_tutorials/turtlebot4_python_tutorials.egg-info/entry_points.txt
writing requirements to ../../build/turtlebot4_python_tutorials/turtlebot4_python_tutorials.egg-info/requires.txt
writing top-level names to ../../build/turtlebot4_python_tutorials/turtlebot4_python_tutorials.egg-info/top_level.txt
writing manifest file '../../build/turtlebot4_python_tutorials/turtlebot4_python_tutorials.egg-info/SOURCES.txt'
reading manifest file '../../build/turtlebot4_python_tutorials/turtlebot4_python_tutorials.egg-info/SOURCES.txt'
writing manifest file '../../build/turtlebot4_python_tutorials/turtlebot4_python_tutorials.egg-info/SOURCES.txt'
running build
running build_py
creating /home/ranas/turtlebot4_ws/src/build/turtlebot4_python_tutorials/build
creating /home/ranas/turtlebot4_ws/src/build/turtlebot4_python_tutorials/build/lib
creating /home/ranas/turtlebot4_ws/src/build/turtlebot4_python_tutorials/build/lib/turtlebot4_python_tutorials
copying turtlebot4_python_tutorials/__init__.py -> /home/ranas/turtlebot4_ws/src/build/turtlebot4_python_tutorials/build/lib/turtlebot4_python_tutorials
copying turtlebot4_python_tutorials/turtlebot4_first_python_node.py -> /home/ranas/turtlebot4_ws/src/build/turtlebot4_python_tutorials/build/lib/turtlebot4_python_tutorials
copying turtlebot4_python_tutorials/follow_waypoints.py -> /home/ranas/turtlebot4_ws/src/build/turtlebot4_python_tutorials/build/lib/turtlebot4_python_tutorials
copying turtlebot4_python_tutorials/nav_to_pose.py -> /home/ranas/turtlebot4_ws/src/build/turtlebot4_python_tutorials/build/lib/turtlebot4_python_tutorials
copying turtlebot4_python_tutorials/create_path.py -> /home/ranas/turtlebot4_ws/src/build/turtlebot4_python_tutorials/build/lib/turtlebot4_python_tutorials
copying turtlebot4_python_tutorials/nav_through_poses.py -> /home/ranas/turtlebot4_ws/src/build/turtlebot4_python_tutorials/build/lib/turtlebot4_python_tutorials
copying turtlebot4_python_tutorials/mail_delivery.py -> /home/ranas/turtlebot4_ws/src/build/turtlebot4_python_tutorials/build/lib/turtlebot4_python_tutorials
copying turtlebot4_python_tutorials/patrol_loop.py -> /home/ranas/turtlebot4_ws/src/build/turtlebot4_python_tutorials/build/lib/turtlebot4_python_tutorials
running install
running install_lib
creating /home/ranas/turtlebot4_ws/src/install/turtlebot4_python_tutorials/lib/python3.12/site-packages/turtlebot4_python_tutorials
copying /home/ranas/turtlebot4_ws/src/build/turtlebot4_python_tutorials/build/lib/turtlebot4_python_tutorials/__init__.py -> /home/ranas/turtlebot4_ws/src/install/turtlebot4_python_tutorials/lib/python3.12/site-packages/turtlebot4_python_tutorials
copying /home/ranas/turtlebot4_ws/src/build/turtlebot4_python_tutorials/build/lib/turtlebot4_python_tutorials/turtlebot4_first_python_node.py -> /home/ranas/turtlebot4_ws/src/install/turtlebot4_python_tutorials/lib/python3.12/site-packages/turtlebot4_python_tutorials
copying /home/ranas/turtlebot4_ws/src/build/turtlebot4_python_tutorials/build/lib/turtlebot4_python_tutorials/follow_waypoints.py -> /home/ranas/turtlebot4_ws/src/install/turtlebot4_python_tutorials/lib/python3.12/site-packages/turtlebot4_python_tutorials
copying /home/ranas/turtlebot4_ws/src/build/turtlebot4_python_tutorials/build/lib/turtlebot4_python_tutorials/nav_to_pose.py -> /home/ranas/turtlebot4_ws/src/install/turtlebot4_python_tutorials/lib/python3.12/site-packages/turtlebot4_python_tutorials
copying /home/ranas/turtlebot4_ws/src/build/turtlebot4_python_tutorials/build/lib/turtlebot4_python_tutorials/create_path.py -> /home/ranas/turtlebot4_ws/src/install/turtlebot4_python_tutorials/lib/python3.12/site-packages/turtlebot4_python_tutorials
copying /home/ranas/turtlebot4_ws/src/build/turtlebot4_python_tutorials/build/lib/turtlebot4_python_tutorials/nav_through_poses.py -> /home/ranas/turtlebot4_ws/src/install/turtlebot4_python_tutorials/lib/python3.12/site-packages/turtlebot4_python_tutorials
copying /home/ranas/turtlebot4_ws/src/build/turtlebot4_python_tutorials/build/lib/turtlebot4_python_tutorials/mail_delivery.py -> /home/ranas/turtlebot4_ws/src/install/turtlebot4_python_tutorials/lib/python3.12/site-packages/turtlebot4_python_tutorials
copying /home/ranas/turtlebot4_ws/src/build/turtlebot4_python_tutorials/build/lib/turtlebot4_python_tutorials/patrol_loop.py -> /home/ranas/turtlebot4_ws/src/install/turtlebot4_python_tutorials/lib/python3.12/site-packages/turtlebot4_python_tutorials
byte-compiling /home/ranas/turtlebot4_ws/src/install/turtlebot4_python_tutorials/lib/python3.12/site-packages/turtlebot4_python_tutorials/__init__.py to __init__.cpython-312.pyc
byte-compiling /home/ranas/turtlebot4_ws/src/install/turtlebot4_python_tutorials/lib/python3.12/site-packages/turtlebot4_python_tutorials/turtlebot4_first_python_node.py to turtlebot4_first_python_node.cpython-312.pyc
byte-compiling /home/ranas/turtlebot4_ws/src/install/turtlebot4_python_tutorials/lib/python3.12/site-packages/turtlebot4_python_tutorials/follow_waypoints.py to follow_waypoints.cpython-312.pyc
byte-compiling /home/ranas/turtlebot4_ws/src/install/turtlebot4_python_tutorials/lib/python3.12/site-packages/turtlebot4_python_tutorials/nav_to_pose.py to nav_to_pose.cpython-312.pyc
byte-compiling /home/ranas/turtlebot4_ws/src/install/turtlebot4_python_tutorials/lib/python3.12/site-packages/turtlebot4_python_tutorials/create_path.py to create_path.cpython-312.pyc
byte-compiling /home/ranas/turtlebot4_ws/src/install/turtlebot4_python_tutorials/lib/python3.12/site-packages/turtlebot4_python_tutorials/nav_through_poses.py to nav_through_poses.cpython-312.pyc
byte-compiling /home/ranas/turtlebot4_ws/src/install/turtlebot4_python_tutorials/lib/python3.12/site-packages/turtlebot4_python_tutorials/mail_delivery.py to mail_delivery.cpython-312.pyc
byte-compiling /home/ranas/turtlebot4_ws/src/install/turtlebot4_python_tutorials/lib/python3.12/site-packages/turtlebot4_python_tutorials/patrol_loop.py to patrol_loop.cpython-312.pyc
running install_data
creating /home/ranas/turtlebot4_ws/src/install/turtlebot4_python_tutorials/share/ament_index
creating /home/ranas/turtlebot4_ws/src/install/turtlebot4_python_tutorials/share/ament_index/resource_index
creating /home/ranas/turtlebot4_ws/src/install/turtlebot4_python_tutorials/share/ament_index/resource_index/packages
copying resource/turtlebot4_python_tutorials -> /home/ranas/turtlebot4_ws/src/install/turtlebot4_python_tutorials/share/ament_index/resource_index/packages
copying package.xml -> /home/ranas/turtlebot4_ws/src/install/turtlebot4_python_tutorials/share/turtlebot4_python_tutorials
running install_egg_info
Copying ../../build/turtlebot4_python_tutorials/turtlebot4_python_tutorials.egg-info to /home/ranas/turtlebot4_ws/src/install/turtlebot4_python_tutorials/lib/python3.12/site-packages/turtlebot4_python_tutorials-1.0.1-py3.12.egg-info
running install_scripts
Installing create_path script to /home/ranas/turtlebot4_ws/src/install/turtlebot4_python_tutorials/lib/turtlebot4_python_tutorials
Installing follow_waypoints script to /home/ranas/turtlebot4_ws/src/install/turtlebot4_python_tutorials/lib/turtlebot4_python_tutorials
Installing mail_delivery script to /home/ranas/turtlebot4_ws/src/install/turtlebot4_python_tutorials/lib/turtlebot4_python_tutorials
Installing nav_through_poses script to /home/ranas/turtlebot4_ws/src/install/turtlebot4_python_tutorials/lib/turtlebot4_python_tutorials
Installing nav_to_pose script to /home/ranas/turtlebot4_ws/src/install/turtlebot4_python_tutorials/lib/turtlebot4_python_tutorials
Installing patrol_loop script to /home/ranas/turtlebot4_ws/src/install/turtlebot4_python_tutorials/lib/turtlebot4_python_tutorials
Installing turtlebot4_first_python_node script to /home/ranas/turtlebot4_ws/src/install/turtlebot4_python_tutorials/lib/turtlebot4_python_tutorials
writing list of installed files to '/home/ranas/turtlebot4_ws/src/build/turtlebot4_python_tutorials/install.log'
